<?xml version="1.0" encoding="UTF-8"?><testsuites failures="0" name="dependency-check" tests="2791"><testsuite failures="0" errors="0" time="0" id="0" name="/app/src/package-lock.json?@babel/core:7.22.9/@ampproject/remapping:^2.2.0" package="@ampproject/remapping:2.2.1" skipped="0" tests="1" timestamp="2023-08-04T08:20:32.135855624"><testcase classname="dependency-check" name="@ampproject/remapping:2.2.1"/></testsuite><testsuite failures="0" errors="0" time="0" id="1" name="/app/src/package-lock.json?parse-json:5.2.0/@babel/code-frame:^7.0.0" package="@babel/code-frame:7.22.5" skipped="0" tests="1" timestamp="2023-08-04T08:20:32.135855624"><testcase classname="dependency-check" name="@babel/code-frame:7.22.5"/></testsuite><testsuite failures="0" errors="0" time="0" id="2" name="/app/src/package-lock.json?@babel/helper-compilation-targets:7.22.9/@babel/compat-data:^7.22.9" package="@babel/compat-data:7.22.9" skipped="0" tests="1" timestamp="2023-08-04T08:20:32.135855624"><testcase classname="dependency-check" name="@babel/compat-data:7.22.9"/></testsuite><testsuite failures="0" errors="0" time="0" id="3" name="/app/src/package-lock.json?jest-snapshot:29.6.1/@babel/core:^7.11.6" package="@babel/core:7.22.9" skipped="0" tests="1" timestamp="2023-08-04T08:20:32.135855624"><testcase classname="dependency-check" name="@babel/core:7.22.9"/></testsuite><testsuite failures="0" errors="0" time="0" id="4" name="/app/src/package-lock.json?jest-snapshot:29.6.1/@babel/generator:^7.7.2" package="@babel/generator:7.22.9" skipped="0" tests="1" timestamp="2023-08-04T08:20:32.135855624"><testcase classname="dependency-check" name="@babel/generator:7.22.9"/></testsuite><testsuite failures="0" errors="0" time="0" id="5" name="/app/src/package-lock.json?/@babel/helper-compilation-targets:7.22.9" package="@babel/helper-compilation-targets:7.22.9" skipped="0" tests="1" timestamp="2023-08-04T08:20:32.135855624"><testcase classname="dependency-check" name="@babel/helper-compilation-targets:7.22.9"/></testsuite><testsuite failures="0" errors="0" time="0" id="6" name="/app/src/package-lock.json?@babel/traverse:7.22.8/@babel/helper-environment-visitor:^7.22.5" package="@babel/helper-environment-visitor:7.22.5" skipped="0" tests="1" timestamp="2023-08-04T08:20:32.135855624"><testcase classname="dependency-check" name="@babel/helper-environment-visitor:7.22.5"/></testsuite><testsuite failures="0" errors="0" time="0" id="7" name="/app/src/package-lock.json?@babel/traverse:7.22.8/@babel/helper-function-name:^7.22.5" package="@babel/helper-function-name:7.22.5" skipped="0" tests="1" timestamp="2023-08-04T08:20:32.135855624"><testcase classname="dependency-check" name="@babel/helper-function-name:7.22.5"/></testsuite><testsuite failures="0" errors="0" time="0" id="8" name="/app/src/package-lock.json?@babel/traverse:7.22.8/@babel/helper-hoist-variables:^7.22.5" package="@babel/helper-hoist-variables:7.22.5" skipped="0" tests="1" timestamp="2023-08-04T08:20:32.135855624"><testcase classname="dependency-check" name="@babel/helper-hoist-variables:7.22.5"/></testsuite><testsuite failures="0" errors="0" time="0" id="9" name="/app/src/package-lock.json?@babel/helper-module-transforms:7.22.9/@babel/helper-module-imports:^7.22.5" package="@babel/helper-module-imports:7.22.5" skipped="0" tests="1" timestamp="2023-08-04T08:20:32.135855624"><testcase classname="dependency-check" name="@babel/helper-module-imports:7.22.5"/></testsuite><testsuite failures="0" errors="0" time="0" id="10" name="/app/src/package-lock.json?/@babel/helper-module-transforms:7.22.9" package="@babel/helper-module-transforms:7.22.9" skipped="0" tests="1" timestamp="2023-08-04T08:20:32.135855624"><testcase classname="dependency-check" name="@babel/helper-module-transforms:7.22.9"/></testsuite><testsuite failures="0" errors="0" time="0" id="11" name="/app/src/package-lock.json?babel-plugin-istanbul:6.1.1/@babel/helper-plugin-utils:^7.0.0" package="@babel/helper-plugin-utils:7.22.5" skipped="0" tests="1" timestamp="2023-08-04T08:20:32.135855624"><testcase classname="dependency-check" name="@babel/helper-plugin-utils:7.22.5"/></testsuite><testsuite failures="0" errors="0" time="0" id="12" name="/app/src/package-lock.json?/@babel/helper-simple-access:7.22.5" package="@babel/helper-simple-access:7.22.5" skipped="0" tests="1" timestamp="2023-08-04T08:20:32.135855624"><testcase classname="dependency-check" name="@babel/helper-simple-access:7.22.5"/></testsuite><testsuite failures="0" errors="0" time="0" id="13" name="/app/src/package-lock.json?@babel/traverse:7.22.8/@babel/helper-split-export-declaration:^7.22.6" package="@babel/helper-split-export-declaration:7.22.6" skipped="0" tests="1" timestamp="2023-08-04T08:20:32.135855624"><testcase classname="dependency-check" name="@babel/helper-split-export-declaration:7.22.6"/></testsuite><testsuite failures="0" errors="0" time="0" id="14" name="/app/src/package-lock.json?@babel/types:7.22.5/@babel/helper-string-parser:^7.22.5" package="@babel/helper-string-parser:7.22.5" skipped="0" tests="1" timestamp="2023-08-04T08:20:32.135855624"><testcase classname="dependency-check" name="@babel/helper-string-parser:7.22.5"/></testsuite><testsuite failures="0" errors="0" time="0" id="15" name="/app/src/package-lock.json?@babel/types:7.22.5/@babel/helper-validator-identifier:^7.22.5" package="@babel/helper-validator-identifier:7.22.5" skipped="0" tests="1" timestamp="2023-08-04T08:20:32.135855624"><testcase classname="dependency-check" name="@babel/helper-validator-identifier:7.22.5"/></testsuite><testsuite failures="0" errors="0" time="0" id="16" name="/app/src/package-lock.json?/@babel/helper-validator-option:7.22.5" package="@babel/helper-validator-option:7.22.5" skipped="0" tests="1" timestamp="2023-08-04T08:20:32.135855624"><testcase classname="dependency-check" name="@babel/helper-validator-option:7.22.5"/></testsuite><testsuite failures="0" errors="0" time="0" id="17" name="/app/src/package-lock.json?/@babel/helpers:7.22.6" package="@babel/helpers:7.22.6" skipped="0" tests="1" timestamp="2023-08-04T08:20:32.135855624"><testcase classname="dependency-check" name="@babel/helpers:7.22.6"/></testsuite><testsuite failures="0" errors="0" time="0" id="18" name="/app/src/package-lock.json?/@babel/highlight:7.22.5" package="@babel/highlight:7.22.5" skipped="0" tests="1" timestamp="2023-08-04T08:20:32.135855624"><testcase classname="dependency-check" name="@babel/highlight:7.22.5"/></testsuite><testsuite failures="0" errors="0" time="0" id="19" name="/app/src/package-lock.json?istanbul-lib-instrument:5.2.1/@babel/parser:^7.14.7" package="@babel/parser:7.22.7" skipped="0" tests="1" timestamp="2023-08-04T08:20:32.135855624"><testcase classname="dependency-check" name="@babel/parser:7.22.7"/></testsuite><testsuite failures="0" errors="0" time="0" id="20" name="/app/src/package-lock.json?babel-preset-current-node-syntax:1.0.1/@babel/plugin-syntax-async-generators:^7.8.4" package="@babel/plugin-syntax-async-generators:7.8.4" skipped="0" tests="1" timestamp="2023-08-04T08:20:32.135855624"><testcase classname="dependency-check" name="@babel/plugin-syntax-async-generators:7.8.4"/></testsuite><testsuite failures="0" errors="0" time="0" id="21" name="/app/src/package-lock.json?babel-preset-current-node-syntax:1.0.1/@babel/plugin-syntax-bigint:^7.8.3" package="@babel/plugin-syntax-bigint:7.8.3" skipped="0" tests="1" timestamp="2023-08-04T08:20:32.135855624"><testcase classname="dependency-check" name="@babel/plugin-syntax-bigint:7.8.3"/></testsuite><testsuite failures="0" errors="0" time="0" id="22" name="/app/src/package-lock.json?babel-preset-current-node-syntax:1.0.1/@babel/plugin-syntax-class-properties:^7.8.3" package="@babel/plugin-syntax-class-properties:7.12.13" skipped="0" tests="1" timestamp="2023-08-04T08:20:32.135855624"><testcase classname="dependency-check" name="@babel/plugin-syntax-class-properties:7.12.13"/></testsuite><testsuite failures="0" errors="0" time="0" id="23" name="/app/src/package-lock.json?babel-preset-current-node-syntax:1.0.1/@babel/plugin-syntax-import-meta:^7.8.3" package="@babel/plugin-syntax-import-meta:7.10.4" skipped="0" tests="1" timestamp="2023-08-04T08:20:32.135855624"><testcase classname="dependency-check" name="@babel/plugin-syntax-import-meta:7.10.4"/></testsuite><testsuite failures="0" errors="0" time="0" id="24" name="/app/src/package-lock.json?babel-preset-current-node-syntax:1.0.1/@babel/plugin-syntax-json-strings:^7.8.3" package="@babel/plugin-syntax-json-strings:7.8.3" skipped="0" tests="1" timestamp="2023-08-04T08:20:32.135855624"><testcase classname="dependency-check" name="@babel/plugin-syntax-json-strings:7.8.3"/></testsuite><testsuite failures="0" errors="0" time="0" id="25" name="/app/src/package-lock.json?jest-snapshot:29.6.1/@babel/plugin-syntax-jsx:^7.7.2" package="@babel/plugin-syntax-jsx:7.22.5" skipped="0" tests="1" timestamp="2023-08-04T08:20:32.135855624"><testcase classname="dependency-check" name="@babel/plugin-syntax-jsx:7.22.5"/></testsuite><testsuite failures="0" errors="0" time="0" id="26" name="/app/src/package-lock.json?babel-preset-current-node-syntax:1.0.1/@babel/plugin-syntax-logical-assignment-operators:^7.8.3" package="@babel/plugin-syntax-logical-assignment-operators:7.10.4" skipped="0" tests="1" timestamp="2023-08-04T08:20:32.135855624"><testcase classname="dependency-check" name="@babel/plugin-syntax-logical-assignment-operators:7.10.4"/></testsuite><testsuite failures="0" errors="0" time="0" id="27" name="/app/src/package-lock.json?babel-preset-current-node-syntax:1.0.1/@babel/plugin-syntax-nullish-coalescing-operator:^7.8.3" package="@babel/plugin-syntax-nullish-coalescing-operator:7.8.3" skipped="0" tests="1" timestamp="2023-08-04T08:20:32.135855624"><testcase classname="dependency-check" name="@babel/plugin-syntax-nullish-coalescing-operator:7.8.3"/></testsuite><testsuite failures="0" errors="0" time="0" id="28" name="/app/src/package-lock.json?babel-preset-current-node-syntax:1.0.1/@babel/plugin-syntax-numeric-separator:^7.8.3" package="@babel/plugin-syntax-numeric-separator:7.10.4" skipped="0" tests="1" timestamp="2023-08-04T08:20:32.135855624"><testcase classname="dependency-check" name="@babel/plugin-syntax-numeric-separator:7.10.4"/></testsuite><testsuite failures="0" errors="0" time="0" id="29" name="/app/src/package-lock.json?babel-preset-current-node-syntax:1.0.1/@babel/plugin-syntax-object-rest-spread:^7.8.3" package="@babel/plugin-syntax-object-rest-spread:7.8.3" skipped="0" tests="1" timestamp="2023-08-04T08:20:32.135855624"><testcase classname="dependency-check" name="@babel/plugin-syntax-object-rest-spread:7.8.3"/></testsuite><testsuite failures="0" errors="0" time="0" id="30" name="/app/src/package-lock.json?babel-preset-current-node-syntax:1.0.1/@babel/plugin-syntax-optional-catch-binding:^7.8.3" package="@babel/plugin-syntax-optional-catch-binding:7.8.3" skipped="0" tests="1" timestamp="2023-08-04T08:20:32.135855624"><testcase classname="dependency-check" name="@babel/plugin-syntax-optional-catch-binding:7.8.3"/></testsuite><testsuite failures="0" errors="0" time="0" id="31" name="/app/src/package-lock.json?babel-preset-current-node-syntax:1.0.1/@babel/plugin-syntax-optional-chaining:^7.8.3" package="@babel/plugin-syntax-optional-chaining:7.8.3" skipped="0" tests="1" timestamp="2023-08-04T08:20:32.135855624"><testcase classname="dependency-check" name="@babel/plugin-syntax-optional-chaining:7.8.3"/></testsuite><testsuite failures="0" errors="0" time="0" id="32" name="/app/src/package-lock.json?babel-preset-current-node-syntax:1.0.1/@babel/plugin-syntax-top-level-await:^7.8.3" package="@babel/plugin-syntax-top-level-await:7.14.5" skipped="0" tests="1" timestamp="2023-08-04T08:20:32.135855624"><testcase classname="dependency-check" name="@babel/plugin-syntax-top-level-await:7.14.5"/></testsuite><testsuite failures="0" errors="0" time="0" id="33" name="/app/src/package-lock.json?jest-snapshot:29.6.1/@babel/plugin-syntax-typescript:^7.7.2" package="@babel/plugin-syntax-typescript:7.22.5" skipped="0" tests="1" timestamp="2023-08-04T08:20:32.135855624"><testcase classname="dependency-check" name="@babel/plugin-syntax-typescript:7.22.5"/></testsuite><testsuite failures="0" errors="0" time="0" id="34" name="/app/src/package-lock.json?babel-plugin-jest-hoist:29.5.0/@babel/template:^7.3.3" package="@babel/template:7.22.5" skipped="0" tests="1" timestamp="2023-08-04T08:20:32.135855624"><testcase classname="dependency-check" name="@babel/template:7.22.5"/></testsuite><testsuite failures="0" errors="0" time="0" id="35" name="/app/src/package-lock.json?/@babel/traverse:7.22.8" package="@babel/traverse:7.22.8" skipped="0" tests="1" timestamp="2023-08-04T08:20:32.135855624"><testcase classname="dependency-check" name="@babel/traverse:7.22.8"/></testsuite><testsuite failures="0" errors="0" time="0" id="36" name="/app/src/package-lock.json?jest-snapshot:29.6.1/@babel/types:^7.3.3" package="@babel/types:7.22.5" skipped="0" tests="1" timestamp="2023-08-04T08:20:32.135855624"><testcase classname="dependency-check" name="@babel/types:7.22.5"/></testsuite><testsuite failures="0" errors="0" time="0" id="37" name="/app/src/package-lock.json?@jest/reporters:29.6.1/@bcoe/v8-coverage:^0.2.3" package="@bcoe/v8-coverage:0.2.3" skipped="0" tests="1" timestamp="2023-08-04T08:20:32.135855624"><testcase classname="dependency-check" name="@bcoe/v8-coverage:0.2.3"/></testsuite><testsuite failures="0" errors="0" time="0" id="38" name="/app/src/package-lock.json?babel-plugin-istanbul:6.1.1/@istanbuljs/load-nyc-config:^1.0.0" package="@istanbuljs/load-nyc-config:1.1.0" skipped="0" tests="1" timestamp="2023-08-04T08:20:32.135855624"><testcase classname="dependency-check" name="@istanbuljs/load-nyc-config:1.1.0"/></testsuite><testsuite failures="0" errors="0" time="0" id="39" name="/app/src/package-lock.json?test-exclude:6.0.0/@istanbuljs/schema:^0.1.2" package="@istanbuljs/schema:0.1.3" skipped="0" tests="1" timestamp="2023-08-04T08:20:32.135855624"><testcase classname="dependency-check" name="@istanbuljs/schema:0.1.3"/></testsuite><testsuite failures="0" errors="0" time="0" id="40" name="/app/src/package-lock.json?jest-runner:29.6.1/@jest/console:^29.6.1" package="@jest/console:29.6.1" skipped="0" tests="1" timestamp="2023-08-04T08:20:32.135855624"><testcase classname="dependency-check" name="@jest/console:29.6.1"/></testsuite><testsuite failures="0" errors="0" time="0" id="41" name="/app/src/package-lock.json?jest-cli:29.6.1/@jest/core:^29.6.1" package="@jest/core:29.6.1" skipped="0" tests="1" timestamp="2023-08-04T08:20:32.135855624"><testcase classname="dependency-check" name="@jest/core:29.6.1"/></testsuite><testsuite failures="0" errors="0" time="0" id="42" name="/app/src/package-lock.json?jest-runtime:29.6.1/@jest/environment:^29.6.1" package="@jest/environment:29.6.1" skipped="0" tests="1" timestamp="2023-08-04T08:20:32.135855624"><testcase classname="dependency-check" name="@jest/environment:29.6.1"/></testsuite><testsuite failures="0" errors="0" time="0" id="43" name="/app/src/package-lock.json?jest-snapshot:29.6.1/@jest/expect-utils:^29.6.1" package="@jest/expect-utils:29.6.1" skipped="0" tests="1" timestamp="2023-08-04T08:20:32.135855624"><testcase classname="dependency-check" name="@jest/expect-utils:29.6.1"/></testsuite><testsuite failures="0" errors="0" time="0" id="44" name="/app/src/package-lock.json?jest-circus:29.6.1/@jest/expect:^29.6.1" package="@jest/expect:29.6.1" skipped="0" tests="1" timestamp="2023-08-04T08:20:32.135855624"><testcase classname="dependency-check" name="@jest/expect:29.6.1"/></testsuite><testsuite failures="0" errors="0" time="0" id="45" name="/app/src/package-lock.json?jest-runtime:29.6.1/@jest/fake-timers:^29.6.1" package="@jest/fake-timers:29.6.1" skipped="0" tests="1" timestamp="2023-08-04T08:20:32.135855624"><testcase classname="dependency-check" name="@jest/fake-timers:29.6.1"/></testsuite><testsuite failures="0" errors="0" time="0" id="46" name="/app/src/package-lock.json?jest-runtime:29.6.1/@jest/globals:^29.6.1" package="@jest/globals:29.6.1" skipped="0" tests="1" timestamp="2023-08-04T08:20:32.135855624"><testcase classname="dependency-check" name="@jest/globals:29.6.1"/></testsuite><testsuite failures="0" errors="0" time="0" id="47" name="/app/src/package-lock.json?/@jest/reporters:29.6.1" package="@jest/reporters:29.6.1" skipped="0" tests="1" timestamp="2023-08-04T08:20:32.135855624"><testcase classname="dependency-check" name="@jest/reporters:29.6.1"/></testsuite><testsuite failures="0" errors="0" time="0" id="48" name="/app/src/package-lock.json?pretty-format:29.6.1/@jest/schemas:^29.6.0" package="@jest/schemas:29.6.0" skipped="0" tests="1" timestamp="2023-08-04T08:20:32.135855624"><testcase classname="dependency-check" name="@jest/schemas:29.6.0"/></testsuite><testsuite failures="0" errors="0" time="0" id="49" name="/app/src/package-lock.json?jest-runtime:29.6.1/@jest/source-map:^29.6.0" package="@jest/source-map:29.6.0" skipped="0" tests="1" timestamp="2023-08-04T08:20:32.135855624"><testcase classname="dependency-check" name="@jest/source-map:29.6.0"/></testsuite><testsuite failures="0" errors="0" time="0" id="50" name="/app/src/package-lock.json?jest-watcher:29.6.1/@jest/test-result:^29.6.1" package="@jest/test-result:29.6.1" skipped="0" tests="1" timestamp="2023-08-04T08:20:32.135855624"><testcase classname="dependency-check" name="@jest/test-result:29.6.1"/></testsuite><testsuite failures="0" errors="0" time="0" id="51" name="/app/src/package-lock.json?jest-config:29.6.1/@jest/test-sequencer:^29.6.1" package="@jest/test-sequencer:29.6.1" skipped="0" tests="1" timestamp="2023-08-04T08:20:32.135855624"><testcase classname="dependency-check" name="@jest/test-sequencer:29.6.1"/></testsuite><testsuite failures="0" errors="0" time="0" id="52" name="/app/src/package-lock.json?jest-snapshot:29.6.1/@jest/transform:^29.6.1" package="@jest/transform:29.6.1" skipped="0" tests="1" timestamp="2023-08-04T08:20:32.135855624"><testcase classname="dependency-check" name="@jest/transform:29.6.1"/></testsuite><testsuite failures="0" errors="0" time="0" id="53" name="/app/src/package-lock.json?jest-watcher:29.6.1/@jest/types:^29.6.1" package="@jest/types:29.6.1" skipped="0" tests="1" timestamp="2023-08-04T08:20:32.135855624"><testcase classname="dependency-check" name="@jest/types:29.6.1"/></testsuite><testsuite failures="0" errors="0" time="0" id="54" name="/app/src/package-lock.json?/@jridgewell/gen-mapping:0.3.3" package="@jridgewell/gen-mapping:0.3.3" skipped="0" tests="1" timestamp="2023-08-04T08:20:32.135855624"><testcase classname="dependency-check" name="@jridgewell/gen-mapping:0.3.3"/></testsuite><testsuite failures="0" errors="0" time="0" id="55" name="/app/src/package-lock.json?@jridgewell/trace-mapping:0.3.18/@jridgewell/resolve-uri:3.1.0" package="@jridgewell/resolve-uri:3.1.0" skipped="0" tests="1" timestamp="2023-08-04T08:20:32.135855624"><testcase classname="dependency-check" name="@jridgewell/resolve-uri:3.1.0"/></testsuite><testsuite failures="0" errors="0" time="0" id="56" name="/app/src/package-lock.json?/@jridgewell/set-array:1.1.2" package="@jridgewell/set-array:1.1.2" skipped="0" tests="1" timestamp="2023-08-04T08:20:32.135855624"><testcase classname="dependency-check" name="@jridgewell/set-array:1.1.2"/></testsuite><testsuite failures="0" errors="0" time="0" id="57" name="/app/src/package-lock.json?/@jridgewell/sourcemap-codec:1.4.14" package="@jridgewell/sourcemap-codec:1.4.14" skipped="0" tests="1" timestamp="2023-08-04T08:20:32.135855624"><testcase classname="dependency-check" name="@jridgewell/sourcemap-codec:1.4.14"/></testsuite><testsuite failures="0" errors="0" time="0" id="58" name="/app/src/package-lock.json?/@jridgewell/sourcemap-codec:1.4.15" package="@jridgewell/sourcemap-codec:1.4.15" skipped="0" tests="1" timestamp="2023-08-04T08:20:32.135855624"><testcase classname="dependency-check" name="@jridgewell/sourcemap-codec:1.4.15"/></testsuite><testsuite failures="0" errors="0" time="0" id="59" name="/app/src/package-lock.json?v8-to-istanbul:9.1.0/@jridgewell/trace-mapping:^0.3.12" package="@jridgewell/trace-mapping:0.3.18" skipped="0" tests="1" timestamp="2023-08-04T08:20:32.135855624"><testcase classname="dependency-check" name="@jridgewell/trace-mapping:0.3.18"/></testsuite><testsuite failures="0" errors="0" time="0" id="60" name="/app/src/package-lock.json?/@sinclair/typebox:0.27.8" package="@sinclair/typebox:0.27.8" skipped="0" tests="1" timestamp="2023-08-04T08:20:32.135855624"><testcase classname="dependency-check" name="@sinclair/typebox:0.27.8"/></testsuite><testsuite failures="0" errors="0" time="0" id="61" name="/app/src/package-lock.json?@sinonjs/fake-timers:10.3.0/@sinonjs/commons:^3.0.0" package="@sinonjs/commons:3.0.0" skipped="0" tests="1" timestamp="2023-08-04T08:20:32.135855624"><testcase classname="dependency-check" name="@sinonjs/commons:3.0.0"/></testsuite><testsuite failures="0" errors="0" time="0" id="62" name="/app/src/package-lock.json?/@sinonjs/fake-timers:10.3.0" package="@sinonjs/fake-timers:10.3.0" skipped="0" tests="1" timestamp="2023-08-04T08:20:32.135855624"><testcase classname="dependency-check" name="@sinonjs/fake-timers:10.3.0"/></testsuite><testsuite failures="0" errors="0" time="0" id="63" name="/app/src/package-lock.json?babel-plugin-jest-hoist:29.5.0/@types/babel__core:^7.1.14" package="@types/babel__core:7.20.1" skipped="0" tests="1" timestamp="2023-08-04T08:20:32.135855624"><testcase classname="dependency-check" name="@types/babel__core:7.20.1"/></testsuite><testsuite failures="0" errors="0" time="0" id="64" name="/app/src/package-lock.json?/@types/babel__generator:7.6.4" package="@types/babel__generator:7.6.4" skipped="0" tests="1" timestamp="2023-08-04T08:20:32.135855624"><testcase classname="dependency-check" name="@types/babel__generator:7.6.4"/></testsuite><testsuite failures="0" errors="0" time="0" id="65" name="/app/src/package-lock.json?/@types/babel__template:7.4.1" package="@types/babel__template:7.4.1" skipped="0" tests="1" timestamp="2023-08-04T08:20:32.135855624"><testcase classname="dependency-check" name="@types/babel__template:7.4.1"/></testsuite><testsuite failures="0" errors="0" time="0" id="66" name="/app/src/package-lock.json?babel-plugin-jest-hoist:29.5.0/@types/babel__traverse:^7.0.6" package="@types/babel__traverse:7.20.1" skipped="0" tests="1" timestamp="2023-08-04T08:20:32.135855624"><testcase classname="dependency-check" name="@types/babel__traverse:7.20.1"/></testsuite><testsuite failures="0" errors="0" time="0" id="67" name="/app/src/package-lock.json?jest-haste-map:29.6.1/@types/graceful-fs:^4.1.3" package="@types/graceful-fs:4.1.6" skipped="0" tests="1" timestamp="2023-08-04T08:20:32.135855624"><testcase classname="dependency-check" name="@types/graceful-fs:4.1.6"/></testsuite><testsuite failures="0" errors="0" time="0" id="68" name="/app/src/package-lock.json?v8-to-istanbul:9.1.0/@types/istanbul-lib-coverage:^2.0.1" package="@types/istanbul-lib-coverage:2.0.4" skipped="0" tests="1" timestamp="2023-08-04T08:20:32.135855624"><testcase classname="dependency-check" name="@types/istanbul-lib-coverage:2.0.4"/></testsuite><testsuite failures="0" errors="0" time="0" id="69" name="/app/src/package-lock.json?@types/istanbul-reports:3.0.1/@types/istanbul-lib-report:*" package="@types/istanbul-lib-report:3.0.0" skipped="0" tests="1" timestamp="2023-08-04T08:20:32.135855624"><testcase classname="dependency-check" name="@types/istanbul-lib-report:3.0.0"/></testsuite><testsuite failures="0" errors="0" time="0" id="70" name="/app/src/package-lock.json?/@types/istanbul-reports:3.0.1" package="@types/istanbul-reports:3.0.1" skipped="0" tests="1" timestamp="2023-08-04T08:20:32.135855624"><testcase classname="dependency-check" name="@types/istanbul-reports:3.0.1"/></testsuite><testsuite failures="0" errors="0" time="0" id="71" name="/app/src/package-lock.json?jest-worker:29.6.1/@types/node:*" package="@types/node:20.4.2" skipped="0" tests="1" timestamp="2023-08-04T08:20:32.135855624"><testcase classname="dependency-check" name="@types/node:20.4.2"/></testsuite><testsuite failures="0" errors="0" time="0" id="72" name="/app/src/package-lock.json?jest-snapshot:29.6.1/@types/prettier:^2.1.5" package="@types/prettier:2.7.3" skipped="0" tests="1" timestamp="2023-08-04T08:20:32.135855624"><testcase classname="dependency-check" name="@types/prettier:2.7.3"/></testsuite><testsuite failures="0" errors="0" time="0" id="73" name="/app/src/package-lock.json?jest-message-util:29.6.1/@types/stack-utils:^2.0.0" package="@types/stack-utils:2.0.1" skipped="0" tests="1" timestamp="2023-08-04T08:20:32.135855624"><testcase classname="dependency-check" name="@types/stack-utils:2.0.1"/></testsuite><testsuite failures="0" errors="0" time="0" id="74" name="/app/src/package-lock.json?/@types/yargs-parser:21.0.0" package="@types/yargs-parser:21.0.0" skipped="0" tests="1" timestamp="2023-08-04T08:20:32.135855624"><testcase classname="dependency-check" name="@types/yargs-parser:21.0.0"/></testsuite><testsuite failures="0" errors="0" time="0" id="75" name="/app/src/package-lock.json?/@types/yargs:17.0.24" package="@types/yargs:17.0.24" skipped="0" tests="1" timestamp="2023-08-04T08:20:32.135855624"><testcase classname="dependency-check" name="@types/yargs:17.0.24"/></testsuite><testsuite failures="0" errors="0" time="0" id="76" name="/app/src/node_modules/caniuse-lite/data/regions/AD.js" package="AD.js" skipped="0" tests="1" timestamp="2023-08-04T08:20:32.135855624"><testcase classname="dependency-check" name="AD.js"/></testsuite><testsuite failures="0" errors="0" time="0" id="77" name="/app/src/node_modules/caniuse-lite/data/regions/AE.js" package="AE.js" skipped="0" tests="1" timestamp="2023-08-04T08:20:32.135855624"><testcase classname="dependency-check" name="AE.js"/></testsuite><testsuite failures="0" errors="0" time="0" id="78" name="/app/src/node_modules/caniuse-lite/data/regions/AF.js" package="AF.js" skipped="0" tests="1" timestamp="2023-08-04T08:20:32.135855624"><testcase classname="dependency-check" name="AF.js"/></testsuite><testsuite failures="0" errors="0" time="0" id="79" name="/app/src/node_modules/caniuse-lite/data/regions/AG.js" package="AG.js" skipped="0" tests="1" timestamp="2023-08-04T08:20:32.135855624"><testcase classname="dependency-check" name="AG.js"/></testsuite><testsuite failures="0" errors="0" time="0" id="80" name="/app/src/node_modules/caniuse-lite/data/regions/AI.js" package="AI.js" skipped="0" tests="1" timestamp="2023-08-04T08:20:32.135855624"><testcase classname="dependency-check" name="AI.js"/></testsuite><testsuite failures="0" errors="0" time="0" id="81" name="/app/src/node_modules/caniuse-lite/data/regions/AL.js" package="AL.js" skipped="0" tests="1" timestamp="2023-08-04T08:20:32.135855624"><testcase classname="dependency-check" name="AL.js"/></testsuite><testsuite failures="0" errors="0" time="0" id="82" name="/app/src/node_modules/caniuse-lite/data/regions/AM.js" package="AM.js" skipped="0" tests="1" timestamp="2023-08-04T08:20:32.135855624"><testcase classname="dependency-check" name="AM.js"/></testsuite><testsuite failures="0" errors="0" time="0" id="83" name="/app/src/node_modules/caniuse-lite/data/regions/AO.js" package="AO.js" skipped="0" tests="1" timestamp="2023-08-04T08:20:32.135855624"><testcase classname="dependency-check" name="AO.js"/></testsuite><testsuite failures="0" errors="0" time="0" id="84" name="/app/src/node_modules/caniuse-lite/data/regions/AR.js" package="AR.js" skipped="0" tests="1" timestamp="2023-08-04T08:20:32.135855624"><testcase classname="dependency-check" name="AR.js"/></testsuite><testsuite failures="0" errors="0" time="0" id="85" name="/app/src/node_modules/caniuse-lite/data/regions/AS.js" package="AS.js" skipped="0" tests="1" timestamp="2023-08-04T08:20:32.135855624"><testcase classname="dependency-check" name="AS.js"/></testsuite><testsuite failures="0" errors="0" time="0" id="86" name="/app/src/node_modules/caniuse-lite/data/regions/AT.js" package="AT.js" skipped="0" tests="1" timestamp="2023-08-04T08:20:32.135855624"><testcase classname="dependency-check" name="AT.js"/></testsuite><testsuite failures="0" errors="0" time="0" id="87" name="/app/src/node_modules/caniuse-lite/data/regions/AU.js" package="AU.js" skipped="0" tests="1" timestamp="2023-08-04T08:20:32.135855624"><testcase classname="dependency-check" name="AU.js"/></testsuite><testsuite failures="0" errors="0" time="0" id="88" name="/app/src/node_modules/caniuse-lite/data/regions/AW.js" package="AW.js" skipped="0" tests="1" timestamp="2023-08-04T08:20:32.135855624"><testcase classname="dependency-check" name="AW.js"/></testsuite><testsuite failures="0" errors="0" time="0" id="89" name="/app/src/node_modules/caniuse-lite/data/regions/AX.js" package="AX.js" skipped="0" tests="1" timestamp="2023-08-04T08:20:32.135855624"><testcase classname="dependency-check" name="AX.js"/></testsuite><testsuite failures="0" errors="0" time="0" id="90" name="/app/src/node_modules/caniuse-lite/data/regions/AZ.js" package="AZ.js" skipped="0" tests="1" timestamp="2023-08-04T08:20:32.135855624"><testcase classname="dependency-check" name="AZ.js"/></testsuite><testsuite failures="0" errors="0" time="0" id="91" name="/app/src/node_modules/pure-rand/lib/distribution/internals/ArrayInt.js" package="ArrayInt.js" skipped="0" tests="1" timestamp="2023-08-04T08:20:32.135855624"><testcase classname="dependency-check" name="ArrayInt.js"/></testsuite><testsuite failures="0" errors="0" time="0" id="92" name="/app/src/node_modules/pure-rand/lib/esm/distribution/internals/ArrayInt.js" package="ArrayInt.js" skipped="0" tests="1" timestamp="2023-08-04T08:20:32.135855624"><testcase classname="dependency-check" name="ArrayInt.js"/></testsuite><testsuite failures="0" errors="0" time="0" id="93" name="/app/src/node_modules/pretty-format/build/plugins/AsymmetricMatcher.js" package="AsymmetricMatcher.js" skipped="0" tests="1" timestamp="2023-08-04T08:20:32.135855624"><testcase classname="dependency-check" name="AsymmetricMatcher.js"/></testsuite><testsuite failures="0" errors="0" time="0" id="94" name="/app/src/node_modules/@babel/helpers/lib/helpers/AsyncGenerator.js" package="AsyncGenerator.js" skipped="0" tests="1" timestamp="2023-08-04T08:20:32.135855624"><testcase classname="dependency-check" name="AsyncGenerator.js"/></testsuite><testsuite failures="0" errors="0" time="0" id="95" name="/app/src/node_modules/mysql/lib/protocol/Auth.js" package="Auth.js" skipped="0" tests="1" timestamp="2023-08-04T08:20:32.135855624"><testcase classname="dependency-check" name="Auth.js"/></testsuite><testsuite failures="0" errors="0" time="0" id="96" name="/app/src/node_modules/mysql/lib/protocol/packets/AuthSwitchRequestPacket.js" package="AuthSwitchRequestPacket.js" skipped="0" tests="1" timestamp="2023-08-04T08:20:32.135855624"><testcase classname="dependency-check" name="AuthSwitchRequestPacket.js"/></testsuite><testsuite failures="0" errors="0" time="0" id="97" name="/app/src/node_modules/mysql/lib/protocol/packets/AuthSwitchResponsePacket.js" package="AuthSwitchResponsePacket.js" skipped="0" tests="1" timestamp="2023-08-04T08:20:32.135855624"><testcase classname="dependency-check" name="AuthSwitchResponsePacket.js"/></testsuite><testsuite failures="0" errors="0" time="0" id="98" name="/app/src/node_modules/caniuse-lite/data/regions/BA.js" package="BA.js" skipped="0" tests="1" timestamp="2023-08-04T08:20:32.135855624"><testcase classname="dependency-check" name="BA.js"/></testsuite><testsuite failures="0" errors="0" time="0" id="99" name="/app/src/node_modules/caniuse-lite/data/regions/BB.js" package="BB.js" skipped="0" tests="1" timestamp="2023-08-04T08:20:32.135855624"><testcase classname="dependency-check" name="BB.js"/></testsuite><testsuite failures="0" errors="0" time="0" id="100" name="/app/src/node_modules/caniuse-lite/data/regions/BD.js" package="BD.js" skipped="0" tests="1" timestamp="2023-08-04T08:20:32.135855624"><testcase classname="dependency-check" name="BD.js"/></testsuite><testsuite failures="0" errors="0" time="0" id="101" name="/app/src/node_modules/caniuse-lite/data/regions/BE.js" package="BE.js" skipped="0" tests="1" timestamp="2023-08-04T08:20:32.135855624"><testcase classname="dependency-check" name="BE.js"/></testsuite><testsuite failures="0" errors="0" time="0" id="102" name="/app/src/node_modules/caniuse-lite/data/regions/BF.js" package="BF.js" skipped="0" tests="1" timestamp="2023-08-04T08:20:32.135855624"><testcase classname="dependency-check" name="BF.js"/></testsuite><testsuite failures="0" errors="0" time="0" id="103" name="/app/src/node_modules/caniuse-lite/data/regions/BG.js" package="BG.js" skipped="0" tests="1" timestamp="2023-08-04T08:20:32.135855624"><testcase classname="dependency-check" name="BG.js"/></testsuite><testsuite failures="0" errors="0" time="0" id="104" name="/app/src/node_modules/caniuse-lite/data/regions/BH.js" package="BH.js" skipped="0" tests="1" timestamp="2023-08-04T08:20:32.135855624"><testcase classname="dependency-check" name="BH.js"/></testsuite><testsuite failures="0" errors="0" time="0" id="105" name="/app/src/node_modules/caniuse-lite/data/regions/BI.js" package="BI.js" skipped="0" tests="1" timestamp="2023-08-04T08:20:32.135855624"><testcase classname="dependency-check" name="BI.js"/></testsuite><testsuite failures="0" errors="0" time="0" id="106" name="/app/src/node_modules/caniuse-lite/data/regions/BJ.js" package="BJ.js" skipped="0" tests="1" timestamp="2023-08-04T08:20:32.135855624"><testcase classname="dependency-check" name="BJ.js"/></testsuite><testsuite failures="0" errors="0" time="0" id="107" name="/app/src/node_modules/caniuse-lite/data/regions/BM.js" package="BM.js" skipped="0" tests="1" timestamp="2023-08-04T08:20:32.135855624"><testcase classname="dependency-check" name="BM.js"/></testsuite><testsuite failures="0" errors="0" time="0" id="108" name="/app/src/node_modules/caniuse-lite/data/regions/BN.js" package="BN.js" skipped="0" tests="1" timestamp="2023-08-04T08:20:32.135855624"><testcase classname="dependency-check" name="BN.js"/></testsuite><testsuite failures="0" errors="0" time="0" id="109" name="/app/src/node_modules/caniuse-lite/data/regions/BO.js" package="BO.js" skipped="0" tests="1" timestamp="2023-08-04T08:20:32.135855624"><testcase classname="dependency-check" name="BO.js"/></testsuite><testsuite failures="0" errors="0" time="0" id="110" name="/app/src/node_modules/caniuse-lite/data/regions/BR.js" package="BR.js" skipped="0" tests="1" timestamp="2023-08-04T08:20:32.135855624"><testcase classname="dependency-check" name="BR.js"/></testsuite><testsuite failures="0" errors="0" time="0" id="111" name="/app/src/node_modules/caniuse-lite/data/regions/BS.js" package="BS.js" skipped="0" tests="1" timestamp="2023-08-04T08:20:32.135855624"><testcase classname="dependency-check" name="BS.js"/></testsuite><testsuite failures="0" errors="0" time="0" id="112" name="/app/src/node_modules/caniuse-lite/data/regions/BT.js" package="BT.js" skipped="0" tests="1" timestamp="2023-08-04T08:20:32.135855624"><testcase classname="dependency-check" name="BT.js"/></testsuite><testsuite failures="0" errors="0" time="0" id="113" name="/app/src/node_modules/caniuse-lite/data/regions/BW.js" package="BW.js" skipped="0" tests="1" timestamp="2023-08-04T08:20:32.135855624"><testcase classname="dependency-check" name="BW.js"/></testsuite><testsuite failures="0" errors="0" time="0" id="114" name="/app/src/node_modules/caniuse-lite/data/regions/BY.js" package="BY.js" skipped="0" tests="1" timestamp="2023-08-04T08:20:32.135855624"><testcase classname="dependency-check" name="BY.js"/></testsuite><testsuite failures="0" errors="0" time="0" id="115" name="/app/src/node_modules/caniuse-lite/data/regions/BZ.js" package="BZ.js" skipped="0" tests="1" timestamp="2023-08-04T08:20:32.135855624"><testcase classname="dependency-check" name="BZ.js"/></testsuite><testsuite failures="0" errors="0" time="0" id="116" name="/app/src/node_modules/@jest/reporters/build/BaseReporter.js" package="BaseReporter.js" skipped="0" tests="1" timestamp="2023-08-04T08:20:32.135855624"><testcase classname="dependency-check" name="BaseReporter.js"/></testsuite><testsuite failures="0" errors="0" time="0" id="117" name="/app/src/node_modules/jest-watcher/build/BaseWatchPlugin.js" package="BaseWatchPlugin.js" skipped="0" tests="1" timestamp="2023-08-04T08:20:32.135855624"><testcase classname="dependency-check" name="BaseWatchPlugin.js"/></testsuite><testsuite failures="0" errors="0" time="0" id="118" name="/app/src/node_modules/jest-worker/build/base/BaseWorkerPool.js" package="BaseWorkerPool.js" skipped="0" tests="1" timestamp="2023-08-04T08:20:32.135855624"><testcase classname="dependency-check" name="BaseWorkerPool.js"/></testsuite><testsuite failures="0" errors="0" time="0" id="119" name="/app/src/node_modules/mysql/lib/protocol/BufferList.js" package="BufferList.js" skipped="0" tests="1" timestamp="2023-08-04T08:20:32.135855624"><testcase classname="dependency-check" name="BufferList.js"/></testsuite><testsuite failures="0" errors="0" time="0" id="120" name="/app/src/node_modules/mysql/node_modules/readable-stream/lib/internal/streams/BufferList.js" package="BufferList.js" skipped="0" tests="1" timestamp="2023-08-04T08:20:32.135855624"><testcase classname="dependency-check" name="BufferList.js"/></testsuite><testsuite failures="0" errors="0" time="0" id="121" name="/app/src/node_modules/readable-stream/lib/internal/streams/BufferList.js" package="BufferList.js" skipped="0" tests="1" timestamp="2023-08-04T08:20:32.135855624"><testcase classname="dependency-check" name="BufferList.js"/></testsuite><testsuite failures="0" errors="0" time="0" id="122" name="/app/src/node_modules/@jest/console/build/BufferedConsole.js" package="BufferedConsole.js" skipped="0" tests="1" timestamp="2023-08-04T08:20:32.135855624"><testcase classname="dependency-check" name="BufferedConsole.js"/></testsuite><testsuite failures="0" errors="0" time="0" id="123" name="/app/src/node_modules/caniuse-lite/data/regions/CA.js" package="CA.js" skipped="0" tests="1" timestamp="2023-08-04T08:20:32.135855624"><testcase classname="dependency-check" name="CA.js"/></testsuite><testsuite failures="0" errors="0" time="0" id="124" name="/app/src/node_modules/caniuse-lite/data/regions/CD.js" package="CD.js" skipped="0" tests="1" timestamp="2023-08-04T08:20:32.135855624"><testcase classname="dependency-check" name="CD.js"/></testsuite><testsuite failures="0" errors="0" time="0" id="125" name="/app/src/node_modules/caniuse-lite/data/regions/CF.js" package="CF.js" skipped="0" tests="1" timestamp="2023-08-04T08:20:32.135855624"><testcase classname="dependency-check" name="CF.js"/></testsuite><testsuite failures="0" errors="0" time="0" id="126" name="/app/src/node_modules/caniuse-lite/data/regions/CG.js" package="CG.js" skipped="0" tests="1" timestamp="2023-08-04T08:20:32.135855624"><testcase classname="dependency-check" name="CG.js"/></testsuite><testsuite failures="0" errors="0" time="0" id="127" name="/app/src/node_modules/caniuse-lite/data/regions/CH.js" package="CH.js" skipped="0" tests="1" timestamp="2023-08-04T08:20:32.135855624"><testcase classname="dependency-check" name="CH.js"/></testsuite><testsuite failures="0" errors="0" time="0" id="128" name="/app/src/node_modules/caniuse-lite/data/regions/CI.js" package="CI.js" skipped="0" tests="1" timestamp="2023-08-04T08:20:32.135855624"><testcase classname="dependency-check" name="CI.js"/></testsuite><testsuite failures="0" errors="0" time="0" id="129" name="/app/src/node_modules/caniuse-lite/data/regions/CK.js" package="CK.js" skipped="0" tests="1" timestamp="2023-08-04T08:20:32.135855624"><testcase classname="dependency-check" name="CK.js"/></testsuite><testsuite failures="0" errors="0" time="0" id="130" name="/app/src/node_modules/caniuse-lite/data/regions/CL.js" package="CL.js" skipped="0" tests="1" timestamp="2023-08-04T08:20:32.135855624"><testcase classname="dependency-check" name="CL.js"/></testsuite><testsuite failures="0" errors="0" time="0" id="131" name="/app/src/node_modules/caniuse-lite/data/regions/CM.js" package="CM.js" skipped="0" tests="1" timestamp="2023-08-04T08:20:32.135855624"><testcase classname="dependency-check" name="CM.js"/></testsuite><testsuite failures="0" errors="0" time="0" id="132" name="/app/src/node_modules/caniuse-lite/data/regions/CN.js" package="CN.js" skipped="0" tests="1" timestamp="2023-08-04T08:20:32.135855624"><testcase classname="dependency-check" name="CN.js"/></testsuite><testsuite failures="0" errors="0" time="0" id="133" name="/app/src/node_modules/caniuse-lite/data/regions/CO.js" package="CO.js" skipped="0" tests="1" timestamp="2023-08-04T08:20:32.135855624"><testcase classname="dependency-check" name="CO.js"/></testsuite><testsuite failures="0" errors="0" time="0" id="134" name="/app/src/node_modules/caniuse-lite/data/regions/CR.js" package="CR.js" skipped="0" tests="1" timestamp="2023-08-04T08:20:32.135855624"><testcase classname="dependency-check" name="CR.js"/></testsuite><testsuite failures="0" errors="0" time="0" id="135" name="/app/src/node_modules/caniuse-lite/data/regions/CU.js" package="CU.js" skipped="0" tests="1" timestamp="2023-08-04T08:20:32.135855624"><testcase classname="dependency-check" name="CU.js"/></testsuite><testsuite failures="0" errors="0" time="0" id="136" name="/app/src/node_modules/caniuse-lite/data/regions/CV.js" package="CV.js" skipped="0" tests="1" timestamp="2023-08-04T08:20:32.135855624"><testcase classname="dependency-check" name="CV.js"/></testsuite><testsuite failures="0" errors="0" time="0" id="137" name="/app/src/node_modules/caniuse-lite/data/regions/CX.js" package="CX.js" skipped="0" tests="1" timestamp="2023-08-04T08:20:32.135855624"><testcase classname="dependency-check" name="CX.js"/></testsuite><testsuite failures="0" errors="0" time="0" id="138" name="/app/src/node_modules/caniuse-lite/data/regions/CY.js" package="CY.js" skipped="0" tests="1" timestamp="2023-08-04T08:20:32.135855624"><testcase classname="dependency-check" name="CY.js"/></testsuite><testsuite failures="0" errors="0" time="0" id="139" name="/app/src/node_modules/caniuse-lite/data/regions/CZ.js" package="CZ.js" skipped="0" tests="1" timestamp="2023-08-04T08:20:32.135855624"><testcase classname="dependency-check" name="CZ.js"/></testsuite><testsuite failures="0" errors="0" time="0" id="140" name="/app/src/node_modules/mysql/lib/protocol/sequences/ChangeUser.js" package="ChangeUser.js" skipped="0" tests="1" timestamp="2023-08-04T08:20:32.135855624"><testcase classname="dependency-check" name="ChangeUser.js"/></testsuite><testsuite failures="0" errors="0" time="0" id="141" name="/app/src/node_modules/jest-worker/build/workers/ChildProcessWorker.js" package="ChildProcessWorker.js" skipped="0" tests="1" timestamp="2023-08-04T08:20:32.135855624"><testcase classname="dependency-check" name="ChildProcessWorker.js"/></testsuite><testsuite failures="0" errors="0" time="0" id="142" name="/app/src/node_modules/mysql/lib/protocol/packets/ClientAuthenticationPacket.js" package="ClientAuthenticationPacket.js" skipped="0" tests="1" timestamp="2023-08-04T08:20:32.135855624"><testcase classname="dependency-check" name="ClientAuthenticationPacket.js"/></testsuite><testsuite failures="0" errors="0" time="0" id="143" name="/app/src/node_modules/mysql/lib/protocol/packets/ComChangeUserPacket.js" package="ComChangeUserPacket.js" skipped="0" tests="1" timestamp="2023-08-04T08:20:32.135855624"><testcase classname="dependency-check" name="ComChangeUserPacket.js"/></testsuite><testsuite failures="0" errors="0" time="0" id="144" name="/app/src/node_modules/mysql/lib/protocol/packets/ComPingPacket.js" package="ComPingPacket.js" skipped="0" tests="1" timestamp="2023-08-04T08:20:32.135855624"><testcase classname="dependency-check" name="ComPingPacket.js"/></testsuite><testsuite failures="0" errors="0" time="0" id="145" name="/app/src/node_modules/mysql/lib/protocol/packets/ComQueryPacket.js" package="ComQueryPacket.js" skipped="0" tests="1" timestamp="2023-08-04T08:20:32.135855624"><testcase classname="dependency-check" name="ComQueryPacket.js"/></testsuite><testsuite failures="0" errors="0" time="0" id="146" name="/app/src/node_modules/mysql/lib/protocol/packets/ComQuitPacket.js" package="ComQuitPacket.js" skipped="0" tests="1" timestamp="2023-08-04T08:20:32.135855624"><testcase classname="dependency-check" name="ComQuitPacket.js"/></testsuite><testsuite failures="0" errors="0" time="0" id="147" name="/app/src/node_modules/mysql/lib/protocol/packets/ComStatisticsPacket.js" package="ComStatisticsPacket.js" skipped="0" tests="1" timestamp="2023-08-04T08:20:32.135855624"><testcase classname="dependency-check" name="ComStatisticsPacket.js"/></testsuite><testsuite failures="0" errors="0" time="0" id="148" name="/app/src/node_modules/mysql/lib/Connection.js" package="Connection.js" skipped="0" tests="1" timestamp="2023-08-04T08:20:32.135855624"><testcase classname="dependency-check" name="Connection.js"/></testsuite><testsuite failures="0" errors="0" time="0" id="149" name="/app/src/node_modules/mysql/lib/ConnectionConfig.js" package="ConnectionConfig.js" skipped="0" tests="1" timestamp="2023-08-04T08:20:32.135855624"><testcase classname="dependency-check" name="ConnectionConfig.js"/></testsuite><testsuite failures="0" errors="0" time="0" id="150" name="/app/src/node_modules/@jest/reporters/build/CoverageReporter.js" package="CoverageReporter.js" skipped="0" tests="1" timestamp="2023-08-04T08:20:32.135855624"><testcase classname="dependency-check" name="CoverageReporter.js"/></testsuite><testsuite failures="0" errors="0" time="0" id="151" name="/app/src/node_modules/@jest/reporters/build/CoverageWorker.js" package="CoverageWorker.js" skipped="0" tests="1" timestamp="2023-08-04T08:20:32.135855624"><testcase classname="dependency-check" name="CoverageWorker.js"/></testsuite><testsuite failures="0" errors="0" time="0" id="152" name="/app/src/node_modules/@jest/console/build/CustomConsole.js" package="CustomConsole.js" skipped="0" tests="1" timestamp="2023-08-04T08:20:32.135855624"><testcase classname="dependency-check" name="CustomConsole.js"/></testsuite><testsuite failures="0" errors="0" time="0" id="153" name="/app/src/node_modules/caniuse-lite/data/regions/DE.js" package="DE.js" skipped="0" tests="1" timestamp="2023-08-04T08:20:32.135855624"><testcase classname="dependency-check" name="DE.js"/></testsuite><testsuite failures="0" errors="0" time="0" id="154" name="/app/src/node_modules/caniuse-lite/data/regions/DJ.js" package="DJ.js" skipped="0" tests="1" timestamp="2023-08-04T08:20:32.135855624"><testcase classname="dependency-check" name="DJ.js"/></testsuite><testsuite failures="0" errors="0" time="0" id="155" name="/app/src/node_modules/caniuse-lite/data/regions/DK.js" package="DK.js" skipped="0" tests="1" timestamp="2023-08-04T08:20:32.135855624"><testcase classname="dependency-check" name="DK.js"/></testsuite><testsuite failures="0" errors="0" time="0" id="156" name="/app/src/node_modules/caniuse-lite/data/regions/DM.js" package="DM.js" skipped="0" tests="1" timestamp="2023-08-04T08:20:32.135855624"><testcase classname="dependency-check" name="DM.js"/></testsuite><testsuite failures="0" errors="0" time="0" id="157" name="/app/src/node_modules/caniuse-lite/data/regions/DO.js" package="DO.js" skipped="0" tests="1" timestamp="2023-08-04T08:20:32.135855624"><testcase classname="dependency-check" name="DO.js"/></testsuite><testsuite failures="0" errors="0" time="0" id="158" name="/app/src/node_modules/pretty-format/build/plugins/DOMCollection.js" package="DOMCollection.js" skipped="0" tests="1" timestamp="2023-08-04T08:20:32.135855624"><testcase classname="dependency-check" name="DOMCollection.js"/></testsuite><testsuite failures="0" errors="0" time="0" id="159" name="/app/src/node_modules/pretty-format/build/plugins/DOMElement.js" package="DOMElement.js" skipped="0" tests="1" timestamp="2023-08-04T08:20:32.135855624"><testcase classname="dependency-check" name="DOMElement.js"/></testsuite><testsuite failures="0" errors="0" time="0" id="160" name="/app/src/node_modules/caniuse-lite/data/regions/DZ.js" package="DZ.js" skipped="0" tests="1" timestamp="2023-08-04T08:20:32.135855624"><testcase classname="dependency-check" name="DZ.js"/></testsuite><testsuite failures="0" errors="0" time="0" id="161" name="/app/src/node_modules/@jest/reporters/build/DefaultReporter.js" package="DefaultReporter.js" skipped="0" tests="1" timestamp="2023-08-04T08:20:32.135855624"><testcase classname="dependency-check" name="DefaultReporter.js"/></testsuite><testsuite failures="0" errors="0" time="0" id="162" name="/app/src/node_modules/jest-config/build/Defaults.js" package="Defaults.js" skipped="0" tests="1" timestamp="2023-08-04T08:20:32.135855624"><testcase classname="dependency-check" name="Defaults.js"/></testsuite><testsuite failures="0" errors="0" time="0" id="163" name="/app/src/node_modules/jest-config/build/Deprecated.js" package="Deprecated.js" skipped="0" tests="1" timestamp="2023-08-04T08:20:32.135855624"><testcase classname="dependency-check" name="Deprecated.js"/></testsuite><testsuite failures="0" errors="0" time="0" id="164" name="/app/src/node_modules/jest-config/build/Descriptions.js" package="Descriptions.js" skipped="0" tests="1" timestamp="2023-08-04T08:20:32.135855624"><testcase classname="dependency-check" name="Descriptions.js"/></testsuite><testsuite failures="0" errors="0" time="0" id="165" name="/app/src/node_modules/pure-rand/lib/distribution/Distribution.js" package="Distribution.js" skipped="0" tests="1" timestamp="2023-08-04T08:20:32.135855624"><testcase classname="dependency-check" name="Distribution.js"/></testsuite><testsuite failures="0" errors="0" time="0" id="166" name="/app/src/node_modules/pure-rand/lib/esm/distribution/Distribution.js" package="Distribution.js" skipped="0" tests="1" timestamp="2023-08-04T08:20:32.135855624"><testcase classname="dependency-check" name="Distribution.js"/></testsuite><testsuite failures="0" errors="0" time="0" id="167" name="/app/src/node_modules/caniuse-lite/data/regions/EC.js" package="EC.js" skipped="0" tests="1" timestamp="2023-08-04T08:20:32.135855624"><testcase classname="dependency-check" name="EC.js"/></testsuite><testsuite failures="0" errors="0" time="0" id="168" name="/app/src/node_modules/caniuse-lite/data/regions/EE.js" package="EE.js" skipped="0" tests="1" timestamp="2023-08-04T08:20:32.135855624"><testcase classname="dependency-check" name="EE.js"/></testsuite><testsuite failures="0" errors="0" time="0" id="169" name="/app/src/node_modules/caniuse-lite/data/regions/EG.js" package="EG.js" skipped="0" tests="1" timestamp="2023-08-04T08:20:32.135855624"><testcase classname="dependency-check" name="EG.js"/></testsuite><testsuite failures="0" errors="0" time="0" id="170" name="/app/src/node_modules/caniuse-lite/data/regions/ER.js" package="ER.js" skipped="0" tests="1" timestamp="2023-08-04T08:20:32.135855624"><testcase classname="dependency-check" name="ER.js"/></testsuite><testsuite failures="0" errors="0" time="0" id="171" name="/app/src/node_modules/caniuse-lite/data/regions/ES.js" package="ES.js" skipped="0" tests="1" timestamp="2023-08-04T08:20:32.135855624"><testcase classname="dependency-check" name="ES.js"/></testsuite><testsuite failures="0" errors="0" time="0" id="172" name="/app/src/node_modules/caniuse-lite/data/regions/ET.js" package="ET.js" skipped="0" tests="1" timestamp="2023-08-04T08:20:32.135855624"><testcase classname="dependency-check" name="ET.js"/></testsuite><testsuite failures="0" errors="0" time="0" id="173" name="/app/src/node_modules/mysql/lib/protocol/packets/EmptyPacket.js" package="EmptyPacket.js" skipped="0" tests="1" timestamp="2023-08-04T08:20:32.135855624"><testcase classname="dependency-check" name="EmptyPacket.js"/></testsuite><testsuite failures="0" errors="0" time="0" id="174" name="/app/src/node_modules/mysql/lib/protocol/packets/EofPacket.js" package="EofPacket.js" skipped="0" tests="1" timestamp="2023-08-04T08:20:32.135855624"><testcase classname="dependency-check" name="EofPacket.js"/></testsuite><testsuite failures="0" errors="0" time="0" id="175" name="/app/src/node_modules/mysql/lib/protocol/packets/ErrorPacket.js" package="ErrorPacket.js" skipped="0" tests="1" timestamp="2023-08-04T08:20:32.135855624"><testcase classname="dependency-check" name="ErrorPacket.js"/></testsuite><testsuite failures="0" errors="0" time="0" id="176" name="/app/src/node_modules/jest-util/build/ErrorWithStack.js" package="ErrorWithStack.js" skipped="0" tests="1" timestamp="2023-08-04T08:20:32.135855624"><testcase classname="dependency-check" name="ErrorWithStack.js"/></testsuite><testsuite failures="0" errors="0" time="0" id="177" name="/app/src/node_modules/caniuse-lite/data/regions/FI.js" package="FI.js" skipped="0" tests="1" timestamp="2023-08-04T08:20:32.135855624"><testcase classname="dependency-check" name="FI.js"/></testsuite><testsuite failures="0" errors="0" time="0" id="178" name="/app/src/node_modules/caniuse-lite/data/regions/FJ.js" package="FJ.js" skipped="0" tests="1" timestamp="2023-08-04T08:20:32.135855624"><testcase classname="dependency-check" name="FJ.js"/></testsuite><testsuite failures="0" errors="0" time="0" id="179" name="/app/src/node_modules/caniuse-lite/data/regions/FK.js" package="FK.js" skipped="0" tests="1" timestamp="2023-08-04T08:20:32.135855624"><testcase classname="dependency-check" name="FK.js"/></testsuite><testsuite failures="0" errors="0" time="0" id="180" name="/app/src/node_modules/caniuse-lite/data/regions/FM.js" package="FM.js" skipped="0" tests="1" timestamp="2023-08-04T08:20:32.135855624"><testcase classname="dependency-check" name="FM.js"/></testsuite><testsuite failures="0" errors="0" time="0" id="181" name="/app/src/node_modules/caniuse-lite/data/regions/FO.js" package="FO.js" skipped="0" tests="1" timestamp="2023-08-04T08:20:32.135855624"><testcase classname="dependency-check" name="FO.js"/></testsuite><testsuite failures="0" errors="0" time="0" id="182" name="/app/src/node_modules/caniuse-lite/data/regions/FR.js" package="FR.js" skipped="0" tests="1" timestamp="2023-08-04T08:20:32.135855624"><testcase classname="dependency-check" name="FR.js"/></testsuite><testsuite failures="0" errors="0" time="0" id="183" name="/app/src/node_modules/jest-haste-map/build/watchers/FSEventsWatcher.js" package="FSEventsWatcher.js" skipped="0" tests="1" timestamp="2023-08-04T08:20:32.135855624"><testcase classname="dependency-check" name="FSEventsWatcher.js"/></testsuite><testsuite failures="0" errors="0" time="0" id="184" name="/app/src/node_modules/@jest/core/build/FailedTestsCache.js" package="FailedTestsCache.js" skipped="0" tests="1" timestamp="2023-08-04T08:20:32.135855624"><testcase classname="dependency-check" name="FailedTestsCache.js"/></testsuite><testsuite failures="0" errors="0" time="0" id="185" name="/app/src/node_modules/@jest/core/build/plugins/FailedTestsInteractive.js" package="FailedTestsInteractive.js" skipped="0" tests="1" timestamp="2023-08-04T08:20:32.135855624"><testcase classname="dependency-check" name="FailedTestsInteractive.js"/></testsuite><testsuite failures="0" errors="0" time="0" id="186" name="/app/src/node_modules/@jest/core/build/FailedTestsInteractiveMode.js" package="FailedTestsInteractiveMode.js" skipped="0" tests="1" timestamp="2023-08-04T08:20:32.135855624"><testcase classname="dependency-check" name="FailedTestsInteractiveMode.js"/></testsuite><testsuite failures="0" errors="0" time="0" id="187" name="/app/src/node_modules/jest-worker/build/Farm.js" package="Farm.js" skipped="0" tests="1" timestamp="2023-08-04T08:20:32.135855624"><testcase classname="dependency-check" name="Farm.js"/></testsuite><testsuite failures="0" errors="0" time="0" id="188" name="/app/src/node_modules/mysql/lib/protocol/packets/Field.js" package="Field.js" skipped="0" tests="1" timestamp="2023-08-04T08:20:32.135855624"><testcase classname="dependency-check" name="Field.js"/></testsuite><testsuite failures="0" errors="0" time="0" id="189" name="/app/src/node_modules/mysql/lib/protocol/packets/FieldPacket.js" package="FieldPacket.js" skipped="0" tests="1" timestamp="2023-08-04T08:20:32.135855624"><testcase classname="dependency-check" name="FieldPacket.js"/></testsuite><testsuite failures="0" errors="0" time="0" id="190" name="/app/src/node_modules/jest-worker/build/FifoQueue.js" package="FifoQueue.js" skipped="0" tests="1" timestamp="2023-08-04T08:20:32.135855624"><testcase classname="dependency-check" name="FifoQueue.js"/></testsuite><testsuite failures="0" errors="0" time="0" id="191" name="/app/src/node_modules/caniuse-lite/data/regions/GA.js" package="GA.js" skipped="0" tests="1" timestamp="2023-08-04T08:20:32.135855624"><testcase classname="dependency-check" name="GA.js"/></testsuite><testsuite failures="0" errors="0" time="0" id="192" name="/app/src/node_modules/caniuse-lite/data/regions/GB.js" package="GB.js" skipped="0" tests="1" timestamp="2023-08-04T08:20:32.135855624"><testcase classname="dependency-check" name="GB.js"/></testsuite><testsuite failures="0" errors="0" time="0" id="193" name="/app/src/node_modules/caniuse-lite/data/regions/GD.js" package="GD.js" skipped="0" tests="1" timestamp="2023-08-04T08:20:32.135855624"><testcase classname="dependency-check" name="GD.js"/></testsuite><testsuite failures="0" errors="0" time="0" id="194" name="/app/src/node_modules/caniuse-lite/data/regions/GE.js" package="GE.js" skipped="0" tests="1" timestamp="2023-08-04T08:20:32.135855624"><testcase classname="dependency-check" name="GE.js"/></testsuite><testsuite failures="0" errors="0" time="0" id="195" name="/app/src/node_modules/caniuse-lite/data/regions/GF.js" package="GF.js" skipped="0" tests="1" timestamp="2023-08-04T08:20:32.135855624"><testcase classname="dependency-check" name="GF.js"/></testsuite><testsuite failures="0" errors="0" time="0" id="196" name="/app/src/node_modules/caniuse-lite/data/regions/GG.js" package="GG.js" skipped="0" tests="1" timestamp="2023-08-04T08:20:32.135855624"><testcase classname="dependency-check" name="GG.js"/></testsuite><testsuite failures="0" errors="0" time="0" id="197" name="/app/src/node_modules/caniuse-lite/data/regions/GH.js" package="GH.js" skipped="0" tests="1" timestamp="2023-08-04T08:20:32.135855624"><testcase classname="dependency-check" name="GH.js"/></testsuite><testsuite failures="0" errors="0" time="0" id="198" name="/app/src/node_modules/caniuse-lite/data/regions/GI.js" package="GI.js" skipped="0" tests="1" timestamp="2023-08-04T08:20:32.135855624"><testcase classname="dependency-check" name="GI.js"/></testsuite><testsuite failures="0" errors="0" time="0" id="199" name="/app/src/node_modules/caniuse-lite/data/regions/GL.js" package="GL.js" skipped="0" tests="1" timestamp="2023-08-04T08:20:32.135855624"><testcase classname="dependency-check" name="GL.js"/></testsuite><testsuite failures="0" errors="0" time="0" id="200" name="/app/src/node_modules/caniuse-lite/data/regions/GM.js" package="GM.js" skipped="0" tests="1" timestamp="2023-08-04T08:20:32.135855624"><testcase classname="dependency-check" name="GM.js"/></testsuite><testsuite failures="0" errors="0" time="0" id="201" name="/app/src/node_modules/caniuse-lite/data/regions/GN.js" package="GN.js" skipped="0" tests="1" timestamp="2023-08-04T08:20:32.135855624"><testcase classname="dependency-check" name="GN.js"/></testsuite><testsuite failures="0" errors="0" time="0" id="202" name="/app/src/node_modules/caniuse-lite/data/regions/GP.js" package="GP.js" skipped="0" tests="1" timestamp="2023-08-04T08:20:32.135855624"><testcase classname="dependency-check" name="GP.js"/></testsuite><testsuite failures="0" errors="0" time="0" id="203" name="/app/src/node_modules/caniuse-lite/data/regions/GQ.js" package="GQ.js" skipped="0" tests="1" timestamp="2023-08-04T08:20:32.135855624"><testcase classname="dependency-check" name="GQ.js"/></testsuite><testsuite failures="0" errors="0" time="0" id="204" name="/app/src/node_modules/caniuse-lite/data/regions/GR.js" package="GR.js" skipped="0" tests="1" timestamp="2023-08-04T08:20:32.135855624"><testcase classname="dependency-check" name="GR.js"/></testsuite><testsuite failures="0" errors="0" time="0" id="205" name="/app/src/node_modules/caniuse-lite/data/regions/GT.js" package="GT.js" skipped="0" tests="1" timestamp="2023-08-04T08:20:32.135855624"><testcase classname="dependency-check" name="GT.js"/></testsuite><testsuite failures="0" errors="0" time="0" id="206" name="/app/src/node_modules/caniuse-lite/data/regions/GU.js" package="GU.js" skipped="0" tests="1" timestamp="2023-08-04T08:20:32.135855624"><testcase classname="dependency-check" name="GU.js"/></testsuite><testsuite failures="0" errors="0" time="0" id="207" name="/app/src/node_modules/caniuse-lite/data/regions/GW.js" package="GW.js" skipped="0" tests="1" timestamp="2023-08-04T08:20:32.135855624"><testcase classname="dependency-check" name="GW.js"/></testsuite><testsuite failures="0" errors="0" time="0" id="208" name="/app/src/node_modules/caniuse-lite/data/regions/GY.js" package="GY.js" skipped="0" tests="1" timestamp="2023-08-04T08:20:32.135855624"><testcase classname="dependency-check" name="GY.js"/></testsuite><testsuite failures="0" errors="0" time="0" id="209" name="/app/src/node_modules/@jest/reporters/build/GitHubActionsReporter.js" package="GitHubActionsReporter.js" skipped="0" tests="1" timestamp="2023-08-04T08:20:32.135855624"><testcase classname="dependency-check" name="GitHubActionsReporter.js"/></testsuite><testsuite failures="0" errors="0" time="0" id="210" name="/app/src/node_modules/exit/Gruntfile.js" package="Gruntfile.js" skipped="0" tests="1" timestamp="2023-08-04T08:20:32.135855624"><testcase classname="dependency-check" name="Gruntfile.js"/></testsuite><testsuite failures="0" errors="0" time="0" id="211" name="/app/src/node_modules/caniuse-lite/data/regions/HK.js" package="HK.js" skipped="0" tests="1" timestamp="2023-08-04T08:20:32.135855624"><testcase classname="dependency-check" name="HK.js"/></testsuite><testsuite failures="0" errors="0" time="0" id="212" name="/app/src/node_modules/caniuse-lite/data/regions/HN.js" package="HN.js" skipped="0" tests="1" timestamp="2023-08-04T08:20:32.135855624"><testcase classname="dependency-check" name="HN.js"/></testsuite><testsuite failures="0" errors="0" time="0" id="213" name="/app/src/node_modules/caniuse-lite/data/regions/HR.js" package="HR.js" skipped="0" tests="1" timestamp="2023-08-04T08:20:32.135855624"><testcase classname="dependency-check" name="HR.js"/></testsuite><testsuite failures="0" errors="0" time="0" id="214" name="/app/src/node_modules/caniuse-lite/data/regions/HT.js" package="HT.js" skipped="0" tests="1" timestamp="2023-08-04T08:20:32.135855624"><testcase classname="dependency-check" name="HT.js"/></testsuite><testsuite failures="0" errors="0" time="0" id="215" name="/app/src/node_modules/caniuse-lite/data/regions/HU.js" package="HU.js" skipped="0" tests="1" timestamp="2023-08-04T08:20:32.135855624"><testcase classname="dependency-check" name="HU.js"/></testsuite><testsuite failures="0" errors="0" time="0" id="216" name="/app/src/node_modules/mysql/lib/protocol/sequences/Handshake.js" package="Handshake.js" skipped="0" tests="1" timestamp="2023-08-04T08:20:32.135855624"><testcase classname="dependency-check" name="Handshake.js"/></testsuite><testsuite failures="0" errors="0" time="0" id="217" name="/app/src/node_modules/mysql/lib/protocol/packets/HandshakeInitializationPacket.js" package="HandshakeInitializationPacket.js" skipped="0" tests="1" timestamp="2023-08-04T08:20:32.135855624"><testcase classname="dependency-check" name="HandshakeInitializationPacket.js"/></testsuite><testsuite failures="0" errors="0" time="0" id="218" name="/app/src/node_modules/jest-haste-map/build/HasteFS.js" package="HasteFS.js" skipped="0" tests="1" timestamp="2023-08-04T08:20:32.135855624"><testcase classname="dependency-check" name="HasteFS.js"/></testsuite><testsuite failures="0" errors="0" time="0" id="219" name="/app/src/node_modules/caniuse-lite/data/regions/ID.js" package="ID.js" skipped="0" tests="1" timestamp="2023-08-04T08:20:32.135855624"><testcase classname="dependency-check" name="ID.js"/></testsuite><testsuite failures="0" errors="0" time="0" id="220" name="/app/src/node_modules/caniuse-lite/data/regions/IE.js" package="IE.js" skipped="0" tests="1" timestamp="2023-08-04T08:20:32.135855624"><testcase classname="dependency-check" name="IE.js"/></testsuite><testsuite failures="0" errors="0" time="0" id="221" name="/app/src/node_modules/caniuse-lite/data/regions/IL.js" package="IL.js" skipped="0" tests="1" timestamp="2023-08-04T08:20:32.135855624"><testcase classname="dependency-check" name="IL.js"/></testsuite><testsuite failures="0" errors="0" time="0" id="222" name="/app/src/node_modules/caniuse-lite/data/regions/IM.js" package="IM.js" skipped="0" tests="1" timestamp="2023-08-04T08:20:32.135855624"><testcase classname="dependency-check" name="IM.js"/></testsuite><testsuite failures="0" errors="0" time="0" id="223" name="/app/src/node_modules/caniuse-lite/data/regions/IN.js" package="IN.js" skipped="0" tests="1" timestamp="2023-08-04T08:20:32.135855624"><testcase classname="dependency-check" name="IN.js"/></testsuite><testsuite failures="0" errors="0" time="0" id="224" name="/app/src/node_modules/caniuse-lite/data/regions/IQ.js" package="IQ.js" skipped="0" tests="1" timestamp="2023-08-04T08:20:32.135855624"><testcase classname="dependency-check" name="IQ.js"/></testsuite><testsuite failures="0" errors="0" time="0" id="225" name="/app/src/node_modules/caniuse-lite/data/regions/IR.js" package="IR.js" skipped="0" tests="1" timestamp="2023-08-04T08:20:32.135855624"><testcase classname="dependency-check" name="IR.js"/></testsuite><testsuite failures="0" errors="0" time="0" id="226" name="/app/src/node_modules/caniuse-lite/data/regions/IS.js" package="IS.js" skipped="0" tests="1" timestamp="2023-08-04T08:20:32.135855624"><testcase classname="dependency-check" name="IS.js"/></testsuite><testsuite failures="0" errors="0" time="0" id="227" name="/app/src/node_modules/caniuse-lite/data/regions/IT.js" package="IT.js" skipped="0" tests="1" timestamp="2023-08-04T08:20:32.135855624"><testcase classname="dependency-check" name="IT.js"/></testsuite><testsuite failures="0" errors="0" time="0" id="228" name="/app/src/node_modules/pretty-format/build/plugins/Immutable.js" package="Immutable.js" skipped="0" tests="1" timestamp="2023-08-04T08:20:32.135855624"><testcase classname="dependency-check" name="Immutable.js"/></testsuite><testsuite failures="0" errors="0" time="0" id="229" name="/app/src/node_modules/jest-snapshot/build/InlineSnapshots.js" package="InlineSnapshots.js" skipped="0" tests="1" timestamp="2023-08-04T08:20:32.135855624"><testcase classname="dependency-check" name="InlineSnapshots.js"/></testsuite><testsuite failures="0" errors="0" time="0" id="230" name="/app/src/node_modules/node-int64/Int64.js" package="Int64.js" skipped="0" tests="1" timestamp="2023-08-04T08:20:32.135855624"><testcase classname="dependency-check" name="Int64.js"/></testsuite><testsuite failures="0" errors="0" time="0" id="231" name="/app/src/node_modules/caniuse-lite/data/regions/JE.js" package="JE.js" skipped="0" tests="1" timestamp="2023-08-04T08:20:32.135855624"><testcase classname="dependency-check" name="JE.js"/></testsuite><testsuite failures="0" errors="0" time="0" id="232" name="/app/src/node_modules/caniuse-lite/data/regions/JM.js" package="JM.js" skipped="0" tests="1" timestamp="2023-08-04T08:20:32.135855624"><testcase classname="dependency-check" name="JM.js"/></testsuite><testsuite failures="0" errors="0" time="0" id="233" name="/app/src/node_modules/caniuse-lite/data/regions/JO.js" package="JO.js" skipped="0" tests="1" timestamp="2023-08-04T08:20:32.135855624"><testcase classname="dependency-check" name="JO.js"/></testsuite><testsuite failures="0" errors="0" time="0" id="234" name="/app/src/node_modules/caniuse-lite/data/regions/JP.js" package="JP.js" skipped="0" tests="1" timestamp="2023-08-04T08:20:32.135855624"><testcase classname="dependency-check" name="JP.js"/></testsuite><testsuite failures="0" errors="0" time="0" id="235" name="/app/src/node_modules/jest-watcher/build/JestHooks.js" package="JestHooks.js" skipped="0" tests="1" timestamp="2023-08-04T08:20:32.135855624"><testcase classname="dependency-check" name="JestHooks.js"/></testsuite><testsuite failures="0" errors="0" time="0" id="236" name="/app/src/node_modules/caniuse-lite/data/regions/KE.js" package="KE.js" skipped="0" tests="1" timestamp="2023-08-04T08:20:32.135855624"><testcase classname="dependency-check" name="KE.js"/></testsuite><testsuite failures="0" errors="0" time="0" id="237" name="/app/src/node_modules/caniuse-lite/data/regions/KG.js" package="KG.js" skipped="0" tests="1" timestamp="2023-08-04T08:20:32.135855624"><testcase classname="dependency-check" name="KG.js"/></testsuite><testsuite failures="0" errors="0" time="0" id="238" name="/app/src/node_modules/caniuse-lite/data/regions/KH.js" package="KH.js" skipped="0" tests="1" timestamp="2023-08-04T08:20:32.135855624"><testcase classname="dependency-check" name="KH.js"/></testsuite><testsuite failures="0" errors="0" time="0" id="239" name="/app/src/node_modules/caniuse-lite/data/regions/KI.js" package="KI.js" skipped="0" tests="1" timestamp="2023-08-04T08:20:32.135855624"><testcase classname="dependency-check" name="KI.js"/></testsuite><testsuite failures="0" errors="0" time="0" id="240" name="/app/src/node_modules/caniuse-lite/data/regions/KM.js" package="KM.js" skipped="0" tests="1" timestamp="2023-08-04T08:20:32.135855624"><testcase classname="dependency-check" name="KM.js"/></testsuite><testsuite failures="0" errors="0" time="0" id="241" name="/app/src/node_modules/caniuse-lite/data/regions/KN.js" package="KN.js" skipped="0" tests="1" timestamp="2023-08-04T08:20:32.135855624"><testcase classname="dependency-check" name="KN.js"/></testsuite><testsuite failures="0" errors="0" time="0" id="242" name="/app/src/node_modules/caniuse-lite/data/regions/KP.js" package="KP.js" skipped="0" tests="1" timestamp="2023-08-04T08:20:32.135855624"><testcase classname="dependency-check" name="KP.js"/></testsuite><testsuite failures="0" errors="0" time="0" id="243" name="/app/src/node_modules/caniuse-lite/data/regions/KR.js" package="KR.js" skipped="0" tests="1" timestamp="2023-08-04T08:20:32.135855624"><testcase classname="dependency-check" name="KR.js"/></testsuite><testsuite failures="0" errors="0" time="0" id="244" name="/app/src/node_modules/caniuse-lite/data/regions/KW.js" package="KW.js" skipped="0" tests="1" timestamp="2023-08-04T08:20:32.135855624"><testcase classname="dependency-check" name="KW.js"/></testsuite><testsuite failures="0" errors="0" time="0" id="245" name="/app/src/node_modules/caniuse-lite/data/regions/KY.js" package="KY.js" skipped="0" tests="1" timestamp="2023-08-04T08:20:32.135855624"><testcase classname="dependency-check" name="KY.js"/></testsuite><testsuite failures="0" errors="0" time="0" id="246" name="/app/src/node_modules/caniuse-lite/data/regions/KZ.js" package="KZ.js" skipped="0" tests="1" timestamp="2023-08-04T08:20:32.135855624"><testcase classname="dependency-check" name="KZ.js"/></testsuite><testsuite failures="0" errors="0" time="0" id="247" name="/app/src/node_modules/caniuse-lite/data/regions/LA.js" package="LA.js" skipped="0" tests="1" timestamp="2023-08-04T08:20:32.135855624"><testcase classname="dependency-check" name="LA.js"/></testsuite><testsuite failures="0" errors="0" time="0" id="248" name="/app/src/node_modules/caniuse-lite/data/regions/LB.js" package="LB.js" skipped="0" tests="1" timestamp="2023-08-04T08:20:32.135855624"><testcase classname="dependency-check" name="LB.js"/></testsuite><testsuite failures="0" errors="0" time="0" id="249" name="/app/src/node_modules/caniuse-lite/data/regions/LC.js" package="LC.js" skipped="0" tests="1" timestamp="2023-08-04T08:20:32.135855624"><testcase classname="dependency-check" name="LC.js"/></testsuite><testsuite failures="0" errors="0" time="0" id="250" name="/app/src/node_modules/caniuse-lite/data/regions/LI.js" package="LI.js" skipped="0" tests="1" timestamp="2023-08-04T08:20:32.135855624"><testcase classname="dependency-check" name="LI.js"/></testsuite><testsuite failures="0" errors="0" time="0" id="251" name="/app/src/node_modules/caniuse-lite/data/regions/LK.js" package="LK.js" skipped="0" tests="1" timestamp="2023-08-04T08:20:32.135855624"><testcase classname="dependency-check" name="LK.js"/></testsuite><testsuite failures="0" errors="0" time="0" id="252" name="/app/src/node_modules/caniuse-lite/data/regions/LR.js" package="LR.js" skipped="0" tests="1" timestamp="2023-08-04T08:20:32.135855624"><testcase classname="dependency-check" name="LR.js"/></testsuite><testsuite failures="0" errors="0" time="0" id="253" name="/app/src/node_modules/caniuse-lite/data/regions/LS.js" package="LS.js" skipped="0" tests="1" timestamp="2023-08-04T08:20:32.135855624"><testcase classname="dependency-check" name="LS.js"/></testsuite><testsuite failures="0" errors="0" time="0" id="254" name="/app/src/node_modules/caniuse-lite/data/regions/LT.js" package="LT.js" skipped="0" tests="1" timestamp="2023-08-04T08:20:32.135855624"><testcase classname="dependency-check" name="LT.js"/></testsuite><testsuite failures="0" errors="0" time="0" id="255" name="/app/src/node_modules/caniuse-lite/data/regions/LU.js" package="LU.js" skipped="0" tests="1" timestamp="2023-08-04T08:20:32.135855624"><testcase classname="dependency-check" name="LU.js"/></testsuite><testsuite failures="0" errors="0" time="0" id="256" name="/app/src/node_modules/caniuse-lite/data/regions/LV.js" package="LV.js" skipped="0" tests="1" timestamp="2023-08-04T08:20:32.135855624"><testcase classname="dependency-check" name="LV.js"/></testsuite><testsuite failures="0" errors="0" time="0" id="257" name="/app/src/node_modules/caniuse-lite/data/regions/LY.js" package="LY.js" skipped="0" tests="1" timestamp="2023-08-04T08:20:32.135855624"><testcase classname="dependency-check" name="LY.js"/></testsuite><testsuite failures="0" errors="0" time="0" id="258" name="/app/src/node_modules/pure-rand/lib/esm/generator/LinearCongruential.js" package="LinearCongruential.js" skipped="0" tests="1" timestamp="2023-08-04T08:20:32.135855624"><testcase classname="dependency-check" name="LinearCongruential.js"/></testsuite><testsuite failures="0" errors="0" time="0" id="259" name="/app/src/node_modules/pure-rand/lib/generator/LinearCongruential.js" package="LinearCongruential.js" skipped="0" tests="1" timestamp="2023-08-04T08:20:32.135855624"><testcase classname="dependency-check" name="LinearCongruential.js"/></testsuite><testsuite failures="0" errors="0" time="0" id="260" name="/app/src/node_modules/mysql/lib/protocol/packets/LocalDataFilePacket.js" package="LocalDataFilePacket.js" skipped="0" tests="1" timestamp="2023-08-04T08:20:32.135855624"><testcase classname="dependency-check" name="LocalDataFilePacket.js"/></testsuite><testsuite failures="0" errors="0" time="0" id="261" name="/app/src/node_modules/mysql/lib/protocol/packets/LocalInfileRequestPacket.js" package="LocalInfileRequestPacket.js" skipped="0" tests="1" timestamp="2023-08-04T08:20:32.135855624"><testcase classname="dependency-check" name="LocalInfileRequestPacket.js"/></testsuite><testsuite failures="0" errors="0" time="0" id="262" name="/app/src/node_modules/caniuse-lite/data/regions/MA.js" package="MA.js" skipped="0" tests="1" timestamp="2023-08-04T08:20:32.135855624"><testcase classname="dependency-check" name="MA.js"/></testsuite><testsuite failures="0" errors="0" time="0" id="263" name="/app/src/node_modules/caniuse-lite/data/regions/MC.js" package="MC.js" skipped="0" tests="1" timestamp="2023-08-04T08:20:32.135855624"><testcase classname="dependency-check" name="MC.js"/></testsuite><testsuite failures="0" errors="0" time="0" id="264" name="/app/src/node_modules/caniuse-lite/data/regions/MD.js" package="MD.js" skipped="0" tests="1" timestamp="2023-08-04T08:20:32.135855624"><testcase classname="dependency-check" name="MD.js"/></testsuite><testsuite failures="0" errors="0" time="0" id="265" name="/app/src/node_modules/caniuse-lite/data/regions/ME.js" package="ME.js" skipped="0" tests="1" timestamp="2023-08-04T08:20:32.135855624"><testcase classname="dependency-check" name="ME.js"/></testsuite><testsuite failures="0" errors="0" time="0" id="266" name="/app/src/node_modules/caniuse-lite/data/regions/MG.js" package="MG.js" skipped="0" tests="1" timestamp="2023-08-04T08:20:32.135855624"><testcase classname="dependency-check" name="MG.js"/></testsuite><testsuite failures="0" errors="0" time="0" id="267" name="/app/src/node_modules/caniuse-lite/data/regions/MH.js" package="MH.js" skipped="0" tests="1" timestamp="2023-08-04T08:20:32.135855624"><testcase classname="dependency-check" name="MH.js"/></testsuite><testsuite failures="0" errors="0" time="0" id="268" name="/app/src/node_modules/caniuse-lite/data/regions/MK.js" package="MK.js" skipped="0" tests="1" timestamp="2023-08-04T08:20:32.135855624"><testcase classname="dependency-check" name="MK.js"/></testsuite><testsuite failures="0" errors="0" time="0" id="269" name="/app/src/node_modules/caniuse-lite/data/regions/ML.js" package="ML.js" skipped="0" tests="1" timestamp="2023-08-04T08:20:32.135855624"><testcase classname="dependency-check" name="ML.js"/></testsuite><testsuite failures="0" errors="0" time="0" id="270" name="/app/src/node_modules/caniuse-lite/data/regions/MM.js" package="MM.js" skipped="0" tests="1" timestamp="2023-08-04T08:20:32.135855624"><testcase classname="dependency-check" name="MM.js"/></testsuite><testsuite failures="0" errors="0" time="0" id="271" name="/app/src/node_modules/caniuse-lite/data/regions/MN.js" package="MN.js" skipped="0" tests="1" timestamp="2023-08-04T08:20:32.135855624"><testcase classname="dependency-check" name="MN.js"/></testsuite><testsuite failures="0" errors="0" time="0" id="272" name="/app/src/node_modules/caniuse-lite/data/regions/MO.js" package="MO.js" skipped="0" tests="1" timestamp="2023-08-04T08:20:32.135855624"><testcase classname="dependency-check" name="MO.js"/></testsuite><testsuite failures="0" errors="0" time="0" id="273" name="/app/src/node_modules/caniuse-lite/data/regions/MP.js" package="MP.js" skipped="0" tests="1" timestamp="2023-08-04T08:20:32.135855624"><testcase classname="dependency-check" name="MP.js"/></testsuite><testsuite failures="0" errors="0" time="0" id="274" name="/app/src/node_modules/caniuse-lite/data/regions/MQ.js" package="MQ.js" skipped="0" tests="1" timestamp="2023-08-04T08:20:32.135855624"><testcase classname="dependency-check" name="MQ.js"/></testsuite><testsuite failures="0" errors="0" time="0" id="275" name="/app/src/node_modules/caniuse-lite/data/regions/MR.js" package="MR.js" skipped="0" tests="1" timestamp="2023-08-04T08:20:32.135855624"><testcase classname="dependency-check" name="MR.js"/></testsuite><testsuite failures="0" errors="0" time="0" id="276" name="/app/src/node_modules/caniuse-lite/data/regions/MS.js" package="MS.js" skipped="0" tests="1" timestamp="2023-08-04T08:20:32.135855624"><testcase classname="dependency-check" name="MS.js"/></testsuite><testsuite failures="0" errors="0" time="0" id="277" name="/app/src/node_modules/caniuse-lite/data/regions/MT.js" package="MT.js" skipped="0" tests="1" timestamp="2023-08-04T08:20:32.135855624"><testcase classname="dependency-check" name="MT.js"/></testsuite><testsuite failures="0" errors="0" time="0" id="278" name="/app/src/node_modules/caniuse-lite/data/regions/MU.js" package="MU.js" skipped="0" tests="1" timestamp="2023-08-04T08:20:32.135855624"><testcase classname="dependency-check" name="MU.js"/></testsuite><testsuite failures="0" errors="0" time="0" id="279" name="/app/src/node_modules/ca
[...]
ge="web-app-manifest.js" skipped="0" tests="1" timestamp="2023-08-04T08:20:32.135855624"><testcase classname="dependency-check" name="web-app-manifest.js"/></testsuite><testsuite failures="0" errors="0" time="0" id="2719" name="/app/src/node_modules/caniuse-lite/data/features/web-bluetooth.js" package="web-bluetooth.js" skipped="0" tests="1" timestamp="2023-08-04T08:20:32.135855624"><testcase classname="dependency-check" name="web-bluetooth.js"/></testsuite><testsuite failures="0" errors="0" time="0" id="2720" name="/app/src/node_modules/caniuse-lite/data/features/web-serial.js" package="web-serial.js" skipped="0" tests="1" timestamp="2023-08-04T08:20:32.135855624"><testcase classname="dependency-check" name="web-serial.js"/></testsuite><testsuite failures="0" errors="0" time="0" id="2721" name="/app/src/node_modules/caniuse-lite/data/features/web-share.js" package="web-share.js" skipped="0" tests="1" timestamp="2023-08-04T08:20:32.135855624"><testcase classname="dependency-check" name="web-share.js"/></testsuite><testsuite failures="0" errors="0" time="0" id="2722" name="/app/src/node_modules/caniuse-lite/data/features/webauthn.js" package="webauthn.js" skipped="0" tests="1" timestamp="2023-08-04T08:20:32.135855624"><testcase classname="dependency-check" name="webauthn.js"/></testsuite><testsuite failures="0" errors="0" time="0" id="2723" name="/app/src/node_modules/caniuse-lite/data/features/webcodecs.js" package="webcodecs.js" skipped="0" tests="1" timestamp="2023-08-04T08:20:32.135855624"><testcase classname="dependency-check" name="webcodecs.js"/></testsuite><testsuite failures="0" errors="0" time="0" id="2724" name="/app/src/node_modules/caniuse-lite/data/features/webgl.js" package="webgl.js" skipped="0" tests="1" timestamp="2023-08-04T08:20:32.135855624"><testcase classname="dependency-check" name="webgl.js"/></testsuite><testsuite failures="0" errors="0" time="0" id="2725" name="/app/src/node_modules/caniuse-lite/data/features/webgl2.js" package="webgl2.js" skipped="0" tests="1" timestamp="2023-08-04T08:20:32.135855624"><testcase classname="dependency-check" name="webgl2.js"/></testsuite><testsuite failures="0" errors="0" time="0" id="2726" name="/app/src/node_modules/caniuse-lite/data/features/webgpu.js" package="webgpu.js" skipped="0" tests="1" timestamp="2023-08-04T08:20:32.135855624"><testcase classname="dependency-check" name="webgpu.js"/></testsuite><testsuite failures="0" errors="0" time="0" id="2727" name="/app/src/node_modules/caniuse-lite/data/features/webhid.js" package="webhid.js" skipped="0" tests="1" timestamp="2023-08-04T08:20:32.135855624"><testcase classname="dependency-check" name="webhid.js"/></testsuite><testsuite failures="0" errors="0" time="0" id="2728" name="/app/src/node_modules/caniuse-lite/data/features/webkit-user-drag.js" package="webkit-user-drag.js" skipped="0" tests="1" timestamp="2023-08-04T08:20:32.135855624"><testcase classname="dependency-check" name="webkit-user-drag.js"/></testsuite><testsuite failures="0" errors="0" time="0" id="2729" name="/app/src/node_modules/caniuse-lite/data/features/webm.js" package="webm.js" skipped="0" tests="1" timestamp="2023-08-04T08:20:32.135855624"><testcase classname="dependency-check" name="webm.js"/></testsuite><testsuite failures="0" errors="0" time="0" id="2730" name="/app/src/node_modules/caniuse-lite/data/features/webnfc.js" package="webnfc.js" skipped="0" tests="1" timestamp="2023-08-04T08:20:32.135855624"><testcase classname="dependency-check" name="webnfc.js"/></testsuite><testsuite failures="0" errors="0" time="0" id="2731" name="/app/src/node_modules/caniuse-lite/data/features/webp.js" package="webp.js" skipped="0" tests="1" timestamp="2023-08-04T08:20:32.135855624"><testcase classname="dependency-check" name="webp.js"/></testsuite><testsuite failures="0" errors="0" time="0" id="2732" name="/app/src/node_modules/istanbul-reports/lib/html-spa/webpack.config.js" package="webpack.config.js" skipped="0" tests="1" timestamp="2023-08-04T08:20:32.135855624"><testcase classname="dependency-check" name="webpack.config.js"/></testsuite><testsuite failures="0" errors="0" time="0" id="2733" name="/app/src/node_modules/caniuse-lite/data/features/websockets.js" package="websockets.js" skipped="0" tests="1" timestamp="2023-08-04T08:20:32.135855624"><testcase classname="dependency-check" name="websockets.js"/></testsuite><testsuite failures="0" errors="0" time="0" id="2734" name="/app/src/node_modules/caniuse-lite/data/features/webtransport.js" package="webtransport.js" skipped="0" tests="1" timestamp="2023-08-04T08:20:32.135855624"><testcase classname="dependency-check" name="webtransport.js"/></testsuite><testsuite failures="0" errors="0" time="0" id="2735" name="/app/src/node_modules/caniuse-lite/data/features/webusb.js" package="webusb.js" skipped="0" tests="1" timestamp="2023-08-04T08:20:32.135855624"><testcase classname="dependency-check" name="webusb.js"/></testsuite><testsuite failures="0" errors="0" time="0" id="2736" name="/app/src/node_modules/caniuse-lite/data/features/webvr.js" package="webvr.js" skipped="0" tests="1" timestamp="2023-08-04T08:20:32.135855624"><testcase classname="dependency-check" name="webvr.js"/></testsuite><testsuite failures="0" errors="0" time="0" id="2737" name="/app/src/node_modules/caniuse-lite/data/features/webvtt.js" package="webvtt.js" skipped="0" tests="1" timestamp="2023-08-04T08:20:32.135855624"><testcase classname="dependency-check" name="webvtt.js"/></testsuite><testsuite failures="0" errors="0" time="0" id="2738" name="/app/src/node_modules/caniuse-lite/data/features/webworkers.js" package="webworkers.js" skipped="0" tests="1" timestamp="2023-08-04T08:20:32.135855624"><testcase classname="dependency-check" name="webworkers.js"/></testsuite><testsuite failures="0" errors="0" time="0" id="2739" name="/app/src/node_modules/caniuse-lite/data/features/webxr.js" package="webxr.js" skipped="0" tests="1" timestamp="2023-08-04T08:20:32.135855624"><testcase classname="dependency-check" name="webxr.js"/></testsuite><testsuite failures="0" errors="0" time="0" id="2740" name="/app/src/node_modules/yargs/build/lib/utils/which-module.js" package="which-module.js" skipped="0" tests="1" timestamp="2023-08-04T08:20:32.135855624"><testcase classname="dependency-check" name="which-module.js"/></testsuite><testsuite failures="0" errors="0" time="0" id="2741" name="/app/src/node_modules/which/which.js" package="which.js" skipped="0" tests="1" timestamp="2023-08-04T08:20:32.135855624"><testcase classname="dependency-check" name="which.js"/></testsuite><testsuite failures="0" errors="0" time="0" id="2742" name="/app/src/package-lock.json?/which:2.0.2" package="which:2.0.2" skipped="0" tests="1" timestamp="2023-08-04T08:20:32.135855624"><testcase classname="dependency-check" name="which:2.0.2"/></testsuite><testsuite failures="0" errors="0" time="0" id="2743" name="/app/src/node_modules/@babel/generator/lib/node/whitespace.js" package="whitespace.js" skipped="0" tests="1" timestamp="2023-08-04T08:20:32.135855624"><testcase classname="dependency-check" name="whitespace.js"/></testsuite><testsuite failures="0" errors="0" time="0" id="2744" name="/app/src/node_modules/@babel/parser/lib/util/whitespace.js" package="whitespace.js" skipped="0" tests="1" timestamp="2023-08-04T08:20:32.135855624"><testcase classname="dependency-check" name="whitespace.js"/></testsuite><testsuite failures="0" errors="0" time="0" id="2745" name="/app/src/node_modules/caniuse-lite/data/features/will-change.js" package="will-change.js" skipped="0" tests="1" timestamp="2023-08-04T08:20:32.135855624"><testcase classname="dependency-check" name="will-change.js"/></testsuite><testsuite failures="0" errors="0" time="0" id="2746" name="/app/src/node_modules/isexe/windows.js" package="windows.js" skipped="0" tests="1" timestamp="2023-08-04T08:20:32.135855624"><testcase classname="dependency-check" name="windows.js"/></testsuite><testsuite failures="0" errors="0" time="0" id="2747" name="/app/src/node_modules/caniuse-lite/data/features/woff.js" package="woff.js" skipped="0" tests="1" timestamp="2023-08-04T08:20:32.135855624"><testcase classname="dependency-check" name="woff.js"/></testsuite><testsuite failures="0" errors="0" time="0" id="2748" name="/app/src/node_modules/caniuse-lite/data/features/woff2.js" package="woff2.js" skipped="0" tests="1" timestamp="2023-08-04T08:20:32.135855624"><testcase classname="dependency-check" name="woff2.js"/></testsuite><testsuite failures="0" errors="0" time="0" id="2749" name="/app/src/node_modules/caniuse-lite/data/features/word-break.js" package="word-break.js" skipped="0" tests="1" timestamp="2023-08-04T08:20:32.135855624"><testcase classname="dependency-check" name="word-break.js"/></testsuite><testsuite failures="0" errors="0" time="0" id="2750" name="/app/src/node_modules/caniuse-lite/data/features/wordwrap.js" package="wordwrap.js" skipped="0" tests="1" timestamp="2023-08-04T08:20:32.135855624"><testcase classname="dependency-check" name="wordwrap.js"/></testsuite><testsuite failures="0" errors="0" time="0" id="2751" name="/app/src/node_modules/jest-haste-map/build/worker.js" package="worker.js" skipped="0" tests="1" timestamp="2023-08-04T08:20:32.135855624"><testcase classname="dependency-check" name="worker.js"/></testsuite><testsuite failures="0" errors="0" time="0" id="2752" name="/app/src/package-lock.json?/wrap-ansi:7.0.0" package="wrap-ansi:7.0.0" skipped="0" tests="1" timestamp="2023-08-04T08:20:32.135855624"><testcase classname="dependency-check" name="wrap-ansi:7.0.0"/></testsuite><testsuite failures="0" errors="0" time="0" id="2753" name="/app/src/node_modules/prompts/dist/util/wrap.js" package="wrap.js" skipped="0" tests="1" timestamp="2023-08-04T08:20:32.135855624"><testcase classname="dependency-check" name="wrap.js"/></testsuite><testsuite failures="0" errors="0" time="0" id="2754" name="/app/src/node_modules/prompts/lib/util/wrap.js" package="wrap.js" skipped="0" tests="1" timestamp="2023-08-04T08:20:32.135855624"><testcase classname="dependency-check" name="wrap.js"/></testsuite><testsuite failures="0" errors="0" time="0" id="2755" name="/app/src/node_modules/@jest/reporters/build/wrapAnsiString.js" package="wrapAnsiString.js" skipped="0" tests="1" timestamp="2023-08-04T08:20:32.135855624"><testcase classname="dependency-check" name="wrapAnsiString.js"/></testsuite><testsuite failures="0" errors="0" time="0" id="2756" name="/app/src/node_modules/@babel/helpers/lib/helpers/wrapRegExp.js" package="wrapRegExp.js" skipped="0" tests="1" timestamp="2023-08-04T08:20:32.135855624"><testcase classname="dependency-check" name="wrapRegExp.js"/></testsuite><testsuite failures="0" errors="0" time="0" id="2757" name="/app/src/node_modules/wrappy/wrappy.js" package="wrappy.js" skipped="0" tests="1" timestamp="2023-08-04T08:20:32.135855624"><testcase classname="dependency-check" name="wrappy.js"/></testsuite><testsuite failures="0" errors="0" time="0" id="2758" name="/app/src/package-lock.json?/wrappy:1.0.2" package="wrappy:1.0.2" skipped="0" tests="1" timestamp="2023-08-04T08:20:32.135855624"><testcase classname="dependency-check" name="wrappy:1.0.2"/></testsuite><testsuite failures="0" errors="0" time="0" id="2759" name="/app/src/node_modules/readable-stream/writable-browser.js" package="writable-browser.js" skipped="0" tests="1" timestamp="2023-08-04T08:20:32.135855624"><testcase classname="dependency-check" name="writable-browser.js"/></testsuite><testsuite failures="0" errors="0" time="0" id="2760" name="/app/src/node_modules/readable-stream/writable.js" package="writable.js" skipped="0" tests="1" timestamp="2023-08-04T08:20:32.135855624"><testcase classname="dependency-check" name="writable.js"/></testsuite><testsuite failures="0" errors="0" time="0" id="2761" name="/app/src/package-lock.json?/write-file-atomic:4.0.2" package="write-file-atomic:4.0.2" skipped="0" tests="1" timestamp="2023-08-04T08:20:32.135855624"><testcase classname="dependency-check" name="write-file-atomic:4.0.2"/></testsuite><testsuite failures="0" errors="0" time="0" id="2762" name="/app/src/node_modules/mongodb/lib/core/wireprotocol/write_command.js" package="write_command.js" skipped="0" tests="1" timestamp="2023-08-04T08:20:32.135855624"><testcase classname="dependency-check" name="write_command.js"/></testsuite><testsuite failures="0" errors="0" time="0" id="2763" name="/app/src/node_modules/mongodb/lib/write_concern.js" package="write_concern.js" skipped="0" tests="1" timestamp="2023-08-04T08:20:32.135855624"><testcase classname="dependency-check" name="write_concern.js"/></testsuite><testsuite failures="0" errors="0" time="0" id="2764" name="/app/src/node_modules/caniuse-lite/data/features/x-doc-messaging.js" package="x-doc-messaging.js" skipped="0" tests="1" timestamp="2023-08-04T08:20:32.135855624"><testcase classname="dependency-check" name="x-doc-messaging.js"/></testsuite><testsuite failures="0" errors="0" time="0" id="2765" name="/app/src/node_modules/caniuse-lite/data/features/x-frame-options.js" package="x-frame-options.js" skipped="0" tests="1" timestamp="2023-08-04T08:20:32.135855624"><testcase classname="dependency-check" name="x-frame-options.js"/></testsuite><testsuite failures="0" errors="0" time="0" id="2766" name="/app/src/node_modules/mongodb/lib/core/auth/x509.js" package="x509.js" skipped="0" tests="1" timestamp="2023-08-04T08:20:32.135855624"><testcase classname="dependency-check" name="x509.js"/></testsuite><testsuite failures="0" errors="0" time="0" id="2767" name="/app/src/node_modules/caniuse-lite/data/features/xhr2.js" package="xhr2.js" skipped="0" tests="1" timestamp="2023-08-04T08:20:32.135855624"><testcase classname="dependency-check" name="xhr2.js"/></testsuite><testsuite failures="0" errors="0" time="0" id="2768" name="/app/src/node_modules/@babel/parser/lib/plugins/jsx/xhtml.js" package="xhtml.js" skipped="0" tests="1" timestamp="2023-08-04T08:20:32.135855624"><testcase classname="dependency-check" name="xhtml.js"/></testsuite><testsuite failures="0" errors="0" time="0" id="2769" name="/app/src/node_modules/caniuse-lite/data/features/xhtml.js" package="xhtml.js" skipped="0" tests="1" timestamp="2023-08-04T08:20:32.135855624"><testcase classname="dependency-check" name="xhtml.js"/></testsuite><testsuite failures="0" errors="0" time="0" id="2770" name="/app/src/node_modules/caniuse-lite/data/features/xhtmlsmil.js" package="xhtmlsmil.js" skipped="0" tests="1" timestamp="2023-08-04T08:20:32.135855624"><testcase classname="dependency-check" name="xhtmlsmil.js"/></testsuite><testsuite failures="0" errors="0" time="0" id="2771" name="/app/src/node_modules/caniuse-lite/data/features/xml-serializer.js" package="xml-serializer.js" skipped="0" tests="1" timestamp="2023-08-04T08:20:32.135855624"><testcase classname="dependency-check" name="xml-serializer.js"/></testsuite><testsuite failures="0" errors="0" time="0" id="2772" name="/app/src/node_modules/istanbul-lib-report/lib/xml-writer.js" package="xml-writer.js" skipped="0" tests="1" timestamp="2023-08-04T08:20:32.135855624"><testcase classname="dependency-check" name="xml-writer.js"/></testsuite><testsuite failures="0" errors="0" time="0" id="2773" name="/app/src/node_modules/xml/lib/xml.js" package="xml.js" skipped="0" tests="1" timestamp="2023-08-04T08:20:32.135855624"><testcase classname="dependency-check" name="xml.js"/></testsuite><testsuite failures="0" errors="0" time="0" id="2774" name="/app/src/node_modules/xml/test/xml.test.js" package="xml.test.js" skipped="0" tests="1" timestamp="2023-08-04T08:20:32.135855624"><testcase classname="dependency-check" name="xml.test.js"/></testsuite><testsuite failures="0" errors="0" time="0" id="2775" name="/app/src/package-lock.json?/xml:1.0.1" package="xml:1.0.1" skipped="0" tests="1" timestamp="2023-08-04T08:20:32.135855624"><testcase classname="dependency-check" name="xml:1.0.1"/></testsuite><testsuite failures="0" errors="0" time="0" id="2776" name="/app/src/package-lock.json?yargs:17.7.2/y18n:^5.0.5" package="y18n:5.0.8" skipped="0" tests="1" timestamp="2023-08-04T08:20:32.135855624"><testcase classname="dependency-check" name="y18n:5.0.8"/></testsuite><testsuite failures="0" errors="0" time="0" id="2777" name="/app/src/node_modules/jest-snapshot/node_modules/yallist/yallist.js" package="yallist.js" skipped="0" tests="1" timestamp="2023-08-04T08:20:32.135855624"><testcase classname="dependency-check" name="yallist.js"/></testsuite><testsuite failures="0" errors="0" time="0" id="2778" name="/app/src/node_modules/yallist/yallist.js" package="yallist.js" skipped="0" tests="1" timestamp="2023-08-04T08:20:32.135855624"><testcase classname="dependency-check" name="yallist.js"/></testsuite><testsuite failures="0" errors="0" time="0" id="2779" name="/app/src/package-lock.json?/yallist:3.1.1" package="yallist:3.1.1" skipped="0" tests="1" timestamp="2023-08-04T08:20:32.135855624"><testcase classname="dependency-check" name="yallist:3.1.1"/></testsuite><testsuite failures="0" errors="0" time="0" id="2780" name="/app/src/package-lock.json?/yallist:4.0.0" package="yallist:4.0.0" skipped="0" tests="1" timestamp="2023-08-04T08:20:32.135855624"><testcase classname="dependency-check" name="yallist:4.0.0"/></testsuite><testsuite failures="0" errors="0" time="0" id="2781" name="/app/src/node_modules/yargs/build/lib/yargs-factory.js" package="yargs-factory.js" skipped="0" tests="1" timestamp="2023-08-04T08:20:32.135855624"><testcase classname="dependency-check" name="yargs-factory.js"/></testsuite><testsuite failures="0" errors="0" time="0" id="2782" name="/app/src/node_modules/yargs-parser/build/lib/yargs-parser-types.js" package="yargs-parser-types.js" skipped="0" tests="1" timestamp="2023-08-04T08:20:32.135855624"><testcase classname="dependency-check" name="yargs-parser-types.js"/></testsuite><testsuite failures="0" errors="0" time="0" id="2783" name="/app/src/node_modules/yargs-parser/build/lib/yargs-parser.js" package="yargs-parser.js" skipped="0" tests="1" timestamp="2023-08-04T08:20:32.135855624"><testcase classname="dependency-check" name="yargs-parser.js"/></testsuite><testsuite failures="0" errors="0" time="0" id="2784" name="/app/src/package-lock.json?/yargs-parser:21.1.1" package="yargs-parser:21.1.1" skipped="0" tests="1" timestamp="2023-08-04T08:20:32.135855624"><testcase classname="dependency-check" name="yargs-parser:21.1.1"/></testsuite><testsuite failures="0" errors="0" time="0" id="2785" name="/app/src/package-lock.json?/yargs:17.7.2" package="yargs:17.7.2" skipped="0" tests="1" timestamp="2023-08-04T08:20:32.135855624"><testcase classname="dependency-check" name="yargs:17.7.2"/></testsuite><testsuite failures="0" errors="0" time="0" id="2786" name="/app/src/node_modules/prompts/dist/dateparts/year.js" package="year.js" skipped="0" tests="1" timestamp="2023-08-04T08:20:32.135855624"><testcase classname="dependency-check" name="year.js"/></testsuite><testsuite failures="0" errors="0" time="0" id="2787" name="/app/src/node_modules/prompts/lib/dateparts/year.js" package="year.js" skipped="0" tests="1" timestamp="2023-08-04T08:20:32.135855624"><testcase classname="dependency-check" name="year.js"/></testsuite><testsuite failures="0" errors="0" time="0" id="2788" name="/app/src/node_modules/yargs/build/lib/yerror.js" package="yerror.js" skipped="0" tests="1" timestamp="2023-08-04T08:20:32.135855624"><testcase classname="dependency-check" name="yerror.js"/></testsuite><testsuite failures="0" errors="0" time="0" id="2789" name="/app/src/package-lock.json?/yocto-queue:0.1.0" package="yocto-queue:0.1.0" skipped="0" tests="1" timestamp="2023-08-04T08:20:32.135855624"><testcase classname="dependency-check" name="yocto-queue:0.1.0"/></testsuite><testsuite failures="0" errors="0" time="0" id="2790" name="/app/src/node_modules/caniuse-lite/data/features/zstd.js" package="zstd.js" skipped="0" tests="1" timestamp="2023-08-04T08:20:32.135855624"><testcase classname="dependency-check" name="zstd.js"/></testsuite></testsuites>